#
# There is insufficient memory for the Java Runtime Environment to continue.
# Native memory allocation (malloc) failed to allocate 885856 bytes. Error detail: Chunk::new
# Possible reasons:
#   The system is out of physical RAM or swap space
#   This process is running with CompressedOops enabled, and the Java Heap may be blocking the growth of the native heap
# Possible solutions:
#   Reduce memory load on the system
#   Increase physical memory or swap space
#   Check if swap backing store is full
#   Decrease Java heap size (-Xmx/-Xms)
#   Decrease number of Java threads
#   Decrease Java thread stack sizes (-Xss)
#   Set larger code cache with -XX:ReservedCodeCacheSize=
#   JVM is running with Unscaled Compressed Oops mode in which the Java heap is
#     placed in the first 4GB address space. The Java Heap base address is the
#     maximum limit for the native heap growth. Please use -XX:HeapBaseMinAddress
#     to set the Java Heap base and to place the Java Heap above 4GB virtual address.
# This output file may be truncated or incomplete.
#
#  Out of Memory Error (arena.cpp:168), pid=7872, tid=13332
#
# JRE version: OpenJDK Runtime Environment JBR-21.0.7+9-895.130-jcef (21.0.7+9) (build 21.0.7+9-b895.130)
# Java VM: OpenJDK 64-Bit Server VM JBR-21.0.7+9-895.130-jcef (21.0.7+9-b895.130, mixed mode, sharing, tiered, compressed oops, compressed class ptrs, g1 gc, windows-amd64)
# No core dump will be written. Minidumps are not enabled by default on client versions of Windows
#

---------------  S U M M A R Y ------------

Command Line: -Djava.rmi.server.hostname=127.0.0.1 -Duser.timezone=UTC -Xmx2048m -Xms128m -Djdbc.classpath=C:\Users\LENOVO\AppData\Local\Temp\RemoteDriver11.classpath.txt --add-exports=java.desktop/sun.awt=ALL-UNNAMED --add-exports=java.desktop/java.awt.peer=ALL-UNNAMED --add-opens=java.desktop/java.awt=ALL-UNNAMED --add-opens=jdk.unsupported/sun.misc=ALL-UNNAMED --add-opens=java.base/java.nio=ALL-UNNAMED --add-opens=java.base/java.util=ALL-UNNAMED -Dfile.encoding=UTF-8 -Dsun.stdout.encoding=UTF-8 -Dsun.stderr.encoding=UTF-8 com.intellij.database.remote.RemoteJdbcServer com.mysql.cj.jdbc.Driver

Host: Intel(R) Core(TM) i3-7020U CPU @ 2.30GHz, 4 cores, 3G,  Windows 10 , 64 bit Build 19041 (10.0.19041.1889)
Time: Mon Aug  4 11:31:51 2025 SE Asia Standard Time elapsed time: 10.060271 seconds (0d 0h 0m 10s)

---------------  T H R E A D  ---------------

Current thread (0x00000216d5d689e0):  JavaThread "C2 CompilerThread0" daemon [_thread_in_native, id=13332, stack(0x000000c9ecb00000,0x000000c9ecc00000) (1024K)]


Current CompileTask:
C2:10060 1825       4       sun.security.ec.ECOperations::setDouble (463 bytes)

Stack: [0x000000c9ecb00000,0x000000c9ecc00000]
Native frames: (J=compiled Java code, j=interpreted, Vv=VM code, C=native code)
V  [jvm.dll+0x6e6049]
V  [jvm.dll+0x8c4343]
V  [jvm.dll+0x8c689e]
V  [jvm.dll+0x8c6f83]
V  [jvm.dll+0x289266]
V  [jvm.dll+0xc675d]
V  [jvm.dll+0xc6c93]
V  [jvm.dll+0x2fee70]
V  [jvm.dll+0x60cb49]
V  [jvm.dll+0x259a22]
V  [jvm.dll+0x259ddf]
V  [jvm.dll+0x252585]
V  [jvm.dll+0x24fdde]
V  [jvm.dll+0x1cd734]
V  [jvm.dll+0x25f76c]
V  [jvm.dll+0x25dcb6]
V  [jvm.dll+0x3ffa86]
V  [jvm.dll+0x86bea8]
V  [jvm.dll+0x6e480d]
C  [ucrtbase.dll+0x21bb2]
C  [KERNEL32.DLL+0x17034]
C  [ntdll.dll+0x52651]


---------------  P R O C E S S  ---------------

Threads class SMR info:
_java_thread_list=0x000002171b0f6100, length=22, elements={
0x00000216bbe40000, 0x00000216d5d60d20, 0x00000216d5d648f0, 0x00000216d5d65340,
0x00000216d5d65fa0, 0x00000216d5d67210, 0x00000216d5d67c60, 0x00000216d5d689e0,
0x00000216d5d6dca0, 0x000002171b0fcc50, 0x000002171b1026f0, 0x000002171b3bf710,
0x000002171b5591c0, 0x000002171b542860, 0x000002171b551a60, 0x000002171b5520c0,
0x000002171b5f4870, 0x000002171b8889a0, 0x000002171b5c8e00, 0x000002171b5cdaf0,
0x000002171b5cf530, 0x000002171b5cc0b0
}

Java Threads: ( => current thread )
  0x00000216bbe40000 JavaThread "main"                              [_thread_blocked, id=2280, stack(0x000000c9ebd00000,0x000000c9ebe00000) (1024K)]
  0x00000216d5d60d20 JavaThread "Reference Handler"          daemon [_thread_blocked, id=9612, stack(0x000000c9ec500000,0x000000c9ec600000) (1024K)]
  0x00000216d5d648f0 JavaThread "Finalizer"                  daemon [_thread_blocked, id=7352, stack(0x000000c9ec600000,0x000000c9ec700000) (1024K)]
  0x00000216d5d65340 JavaThread "Signal Dispatcher"          daemon [_thread_blocked, id=2316, stack(0x000000c9ec700000,0x000000c9ec800000) (1024K)]
  0x00000216d5d65fa0 JavaThread "Attach Listener"            daemon [_thread_blocked, id=5092, stack(0x000000c9ec800000,0x000000c9ec900000) (1024K)]
  0x00000216d5d67210 JavaThread "Service Thread"             daemon [_thread_blocked, id=14504, stack(0x000000c9ec900000,0x000000c9eca00000) (1024K)]
  0x00000216d5d67c60 JavaThread "Monitor Deflation Thread"   daemon [_thread_blocked, id=9388, stack(0x000000c9eca00000,0x000000c9ecb00000) (1024K)]
=>0x00000216d5d689e0 JavaThread "C2 CompilerThread0"         daemon [_thread_in_native, id=13332, stack(0x000000c9ecb00000,0x000000c9ecc00000) (1024K)]
  0x00000216d5d6dca0 JavaThread "C1 CompilerThread0"         daemon [_thread_blocked, id=12940, stack(0x000000c9ecc00000,0x000000c9ecd00000) (1024K)]
  0x000002171b0fcc50 JavaThread "Common-Cleaner"             daemon [_thread_blocked, id=11372, stack(0x000000c9ecd00000,0x000000c9ece00000) (1024K)]
  0x000002171b1026f0 JavaThread "Notification Thread"        daemon [_thread_blocked, id=8448, stack(0x000000c9ece00000,0x000000c9ecf00000) (1024K)]
  0x000002171b3bf710 JavaThread "mysql-cj-abandoned-connection-cleanup" daemon [_thread_blocked, id=7608, stack(0x000000c9ecf00000,0x000000c9ed000000) (1024K)]
  0x000002171b5591c0 JavaThread "RMI TCP Accept-57934"       daemon [_thread_in_native, id=14692, stack(0x000000c9ed300000,0x000000c9ed400000) (1024K)]
  0x000002171b542860 JavaThread "RMI TCP Accept-0"           daemon [_thread_in_native, id=14016, stack(0x000000c9ed400000,0x000000c9ed500000) (1024K)]
  0x000002171b551a60 JavaThread "RMI Reaper"                        [_thread_blocked, id=14844, stack(0x000000c9ed500000,0x000000c9ed600000) (1024K)]
  0x000002171b5520c0 JavaThread "RMI GC Daemon"              daemon [_thread_blocked, id=3896, stack(0x000000c9ed600000,0x000000c9ed700000) (1024K)]
  0x000002171b5f4870 JavaThread "RMI TCP Connection(1)-127.0.0.1" daemon [_thread_in_native, id=6760, stack(0x000000c9ed700000,0x000000c9ed800000) (1024K)]
  0x000002171b8889a0 JavaThread "RMI TCP Connection(2)-127.0.0.1" daemon [_thread_in_native, id=14612, stack(0x000000c9ed800000,0x000000c9ed900000) (1024K)]
  0x000002171b5c8e00 JavaThread "RMI TCP Connection(3)-127.0.0.1" daemon [_thread_in_native, id=8012, stack(0x000000c9ed900000,0x000000c9eda00000) (1024K)]
  0x000002171b5cdaf0 JavaThread "RMI TCP Connection(4)-127.0.0.1" daemon [_thread_in_native, id=3012, stack(0x000000c9eda00000,0x000000c9edb00000) (1024K)]
  0x000002171b5cf530 JavaThread "RMI Scheduler(0)"           daemon [_thread_blocked, id=10692, stack(0x000000c9edb00000,0x000000c9edc00000) (1024K)]
  0x000002171b5cc0b0 JavaThread "RMI RenewClean-[127.0.0.1:57144]" daemon [_thread_blocked, id=5592, stack(0x000000c9edc00000,0x000000c9edd00000) (1024K)]
Total: 22

Other Threads:
  0x00000216d5d42f00 VMThread "VM Thread"                           [id=2016, stack(0x000000c9ec400000,0x000000c9ec500000) (1024K)]
  0x00000216d5d32fb0 WatcherThread "VM Periodic Task Thread"        [id=6296, stack(0x000000c9ec300000,0x000000c9ec400000) (1024K)]
  0x00000216be09f140 WorkerThread "GC Thread#0"                     [id=12188, stack(0x000000c9ebe00000,0x000000c9ebf00000) (1024K)]
  0x000002171b33dc70 WorkerThread "GC Thread#1"                     [id=8712, stack(0x000000c9ed000000,0x000000c9ed100000) (1024K)]
  0x000002171b564d90 WorkerThread "GC Thread#2"                     [id=6648, stack(0x000000c9ed100000,0x000000c9ed200000) (1024K)]
  0x000002171b5516c0 WorkerThread "GC Thread#3"                     [id=15264, stack(0x000000c9ed200000,0x000000c9ed300000) (1024K)]
  0x00000216be0b10f0 ConcurrentGCThread "G1 Main Marker"            [id=8952, stack(0x000000c9ebf00000,0x000000c9ec000000) (1024K)]
  0x00000216be0b21a0 WorkerThread "G1 Conc#0"                       [id=9300, stack(0x000000c9ec000000,0x000000c9ec100000) (1024K)]
  0x00000216d5bf24c0 ConcurrentGCThread "G1 Refine#0"               [id=10516, stack(0x000000c9ec100000,0x000000c9ec200000) (1024K)]
  0x00000216be11cfc0 ConcurrentGCThread "G1 Service"                [id=1584, stack(0x000000c9ec200000,0x000000c9ec300000) (1024K)]
Total: 10

Threads with active compile tasks:
C2 CompilerThread0  10138 1825       4       sun.security.ec.ECOperations::setDouble (463 bytes)
Total: 1

VM state: not at safepoint (normal execution)

VM Mutex/Monitor currently owned by a thread: None

Heap address: 0x0000000080000000, size: 2048 MB, Compressed Oops mode: 32-bit

CDS archive(s) mapped at: [0x00000216d6000000-0x00000216d6d10000-0x00000216d6d10000), size 13697024, SharedBaseAddress: 0x00000216d6000000, ArchiveRelocationMode: 1.
Compressed class space mapped at: 0x00000216d7000000-0x0000021717000000, reserved size: 1073741824
Narrow klass base: 0x00000216d6000000, Narrow klass shift: 0, Narrow klass range: 0x100000000

GC Precious Log:
 CardTable entry size: 512
 Card Set container configuration: InlinePtr #cards 5 size 8 Array Of Cards #cards 12 size 40 Howl #buckets 4 coarsen threshold 1843 Howl Bitmap #cards 512 size 80 coarsen threshold 460 Card regions per heap region 1 cards per card region 2048
 CPUs: 4 total, 4 available
 Memory: 4005M
 Large Page Support: Disabled
 NUMA Support: Disabled
 Compressed Oops: Enabled (32-bit)
 Heap Region Size: 1M
 Heap Min Capacity: 128M
 Heap Initial Capacity: 128M
 Heap Max Capacity: 2G
 Pre-touch: Disabled
 Parallel Workers: 4
 Concurrent Workers: 1
 Concurrent Refinement Workers: 4
 Periodic GC: Disabled

Heap:
 garbage-first heap   total 131072K, used 17033K [0x0000000080000000, 0x0000000100000000)
  region size 1024K, 10 young (10240K), 2 survivors (2048K)
 Metaspace       used 15557K, committed 16000K, reserved 1114112K
  class space    used 1841K, committed 2048K, reserved 1048576K

Heap Regions: E=young(eden), S=young(survivor), O=old, HS=humongous(starts), HC=humongous(continues), CS=collection set, F=free, TAMS=top-at-mark-start, PB=parsable bottom
|   0|0x0000000080000000, 0x0000000080100000, 0x0000000080100000|100%|HS|  |TAMS 0x0000000080000000| PB 0x0000000080000000| Complete 
|   1|0x0000000080100000, 0x0000000080200000, 0x0000000080200000|100%|HC|  |TAMS 0x0000000080100000| PB 0x0000000080100000| Complete 
|   2|0x0000000080200000, 0x0000000080300000, 0x0000000080300000|100%|HS|  |TAMS 0x0000000080200000| PB 0x0000000080200000| Complete 
|   3|0x0000000080300000, 0x0000000080400000, 0x0000000080400000|100%|HS|  |TAMS 0x0000000080300000| PB 0x0000000080300000| Complete 
|   4|0x0000000080400000, 0x0000000080500000, 0x0000000080500000|100%| O|  |TAMS 0x0000000080400000| PB 0x0000000080400000| Untracked 
|   5|0x0000000080500000, 0x0000000080600000, 0x0000000080600000|100%| O|  |TAMS 0x0000000080500000| PB 0x0000000080500000| Untracked 
|   6|0x0000000080600000, 0x0000000080700000, 0x0000000080700000|100%| O|  |TAMS 0x0000000080600000| PB 0x0000000080600000| Untracked 
|   7|0x0000000080700000, 0x0000000080800000, 0x0000000080800000|100%| O|  |TAMS 0x0000000080700000| PB 0x0000000080700000| Untracked 
|   8|0x0000000080800000, 0x00000000808188a8, 0x0000000080900000|  9%| O|  |TAMS 0x0000000080800000| PB 0x0000000080800000| Untracked 
|   9|0x0000000080900000, 0x0000000080900000, 0x0000000080a00000|  0%| F|  |TAMS 0x0000000080900000| PB 0x0000000080900000| Untracked 
|  10|0x0000000080a00000, 0x0000000080a00000, 0x0000000080b00000|  0%| F|  |TAMS 0x0000000080a00000| PB 0x0000000080a00000| Untracked 
|  11|0x0000000080b00000, 0x0000000080b00000, 0x0000000080c00000|  0%| F|  |TAMS 0x0000000080b00000| PB 0x0000000080b00000| Untracked 
|  12|0x0000000080c00000, 0x0000000080c00000, 0x0000000080d00000|  0%| F|  |TAMS 0x0000000080c00000| PB 0x0000000080c00000| Untracked 
|  13|0x0000000080d00000, 0x0000000080d00000, 0x0000000080e00000|  0%| F|  |TAMS 0x0000000080d00000| PB 0x0000000080d00000| Untracked 
|  14|0x0000000080e00000, 0x0000000080e00000, 0x0000000080f00000|  0%| F|  |TAMS 0x0000000080e00000| PB 0x0000000080e00000| Untracked 
|  15|0x0000000080f00000, 0x0000000080f00000, 0x0000000081000000|  0%| F|  |TAMS 0x0000000080f00000| PB 0x0000000080f00000| Untracked 
|  16|0x0000000081000000, 0x0000000081000000, 0x0000000081100000|  0%| F|  |TAMS 0x0000000081000000| PB 0x0000000081000000| Untracked 
|  17|0x0000000081100000, 0x0000000081100000, 0x0000000081200000|  0%| F|  |TAMS 0x0000000081100000| PB 0x0000000081100000| Untracked 
|  18|0x0000000081200000, 0x0000000081200000, 0x0000000081300000|  0%| F|  |TAMS 0x0000000081200000| PB 0x0000000081200000| Untracked 
|  19|0x0000000081300000, 0x0000000081300000, 0x0000000081400000|  0%| F|  |TAMS 0x0000000081300000| PB 0x0000000081300000| Untracked 
|  20|0x0000000081400000, 0x0000000081400000, 0x0000000081500000|  0%| F|  |TAMS 0x0000000081400000| PB 0x0000000081400000| Untracked 
|  21|0x0000000081500000, 0x0000000081500000, 0x0000000081600000|  0%| F|  |TAMS 0x0000000081500000| PB 0x0000000081500000| Untracked 
|  22|0x0000000081600000, 0x0000000081600000, 0x0000000081700000|  0%| F|  |TAMS 0x0000000081600000| PB 0x0000000081600000| Untracked 
|  23|0x0000000081700000, 0x0000000081700000, 0x0000000081800000|  0%| F|  |TAMS 0x0000000081700000| PB 0x0000000081700000| Untracked 
|  24|0x0000000081800000, 0x0000000081800000, 0x0000000081900000|  0%| F|  |TAMS 0x0000000081800000| PB 0x0000000081800000| Untracked 
|  25|0x0000000081900000, 0x0000000081900000, 0x0000000081a00000|  0%| F|  |TAMS 0x0000000081900000| PB 0x0000000081900000| Untracked 
|  26|0x0000000081a00000, 0x0000000081a00000, 0x0000000081b00000|  0%| F|  |TAMS 0x0000000081a00000| PB 0x0000000081a00000| Untracked 
|  27|0x0000000081b00000, 0x0000000081b00000, 0x0000000081c00000|  0%| F|  |TAMS 0x0000000081b00000| PB 0x0000000081b00000| Untracked 
|  28|0x0000000081c00000, 0x0000000081c00000, 0x0000000081d00000|  0%| F|  |TAMS 0x0000000081c00000| PB 0x0000000081c00000| Untracked 
|  29|0x0000000081d00000, 0x0000000081d00000, 0x0000000081e00000|  0%| F|  |TAMS 0x0000000081d00000| PB 0x0000000081d00000| Untracked 
|  30|0x0000000081e00000, 0x0000000081e00000, 0x0000000081f00000|  0%| F|  |TAMS 0x0000000081e00000| PB 0x0000000081e00000| Untracked 
|  31|0x0000000081f00000, 0x0000000081f00000, 0x0000000082000000|  0%| F|  |TAMS 0x0000000081f00000| PB 0x0000000081f00000| Untracked 
|  32|0x0000000082000000, 0x0000000082000000, 0x0000000082100000|  0%| F|  |TAMS 0x0000000082000000| PB 0x0000000082000000| Untracked 
|  33|0x0000000082100000, 0x0000000082100000, 0x0000000082200000|  0%| F|  |TAMS 0x0000000082100000| PB 0x0000000082100000| Untracked 
|  34|0x0000000082200000, 0x0000000082200000, 0x0000000082300000|  0%| F|  |TAMS 0x0000000082200000| PB 0x0000000082200000| Untracked 
|  35|0x0000000082300000, 0x0000000082300000, 0x0000000082400000|  0%| F|  |TAMS 0x0000000082300000| PB 0x0000000082300000| Untracked 
|  36|0x0000000082400000, 0x0000000082400000, 0x0000000082500000|  0%| F|  |TAMS 0x0000000082400000| PB 0x0000000082400000| Untracked 
|  37|0x0000000082500000, 0x0000000082500000, 0x0000000082600000|  0%| F|  |TAMS 0x0000000082500000| PB 0x0000000082500000| Untracked 
|  38|0x0000000082600000, 0x0000000082600000, 0x0000000082700000|  0%| F|  |TAMS 0x0000000082600000| PB 0x0000000082600000| Untracked 
|  39|0x0000000082700000, 0x0000000082700000, 0x0000000082800000|  0%| F|  |TAMS 0x0000000082700000| PB 0x0000000082700000| Untracked 
|  40|0x0000000082800000, 0x0000000082800000, 0x0000000082900000|  0%| F|  |TAMS 0x0000000082800000| PB 0x0000000082800000| Untracked 
|  41|0x0000000082900000, 0x0000000082900000, 0x0000000082a00000|  0%| F|  |TAMS 0x0000000082900000| PB 0x0000000082900000| Untracked 
|  42|0x0000000082a00000, 0x0000000082a00000, 0x0000000082b00000|  0%| F|  |TAMS 0x0000000082a00000| PB 0x0000000082a00000| Untracked 
|  43|0x0000000082b00000, 0x0000000082b00000, 0x0000000082c00000|  0%| F|  |TAMS 0x0000000082b00000| PB 0x0000000082b00000| Untracked 
|  44|0x0000000082c00000, 0x0000000082c00000, 0x0000000082d00000|  0%| F|  |TAMS 0x0000000082c00000| PB 0x0000000082c00000| Untracked 
|  45|0x0000000082d00000, 0x0000000082d00000, 0x0000000082e00000|  0%| F|  |TAMS 0x0000000082d00000| PB 0x0000000082d00000| Untracked 
|  46|0x0000000082e00000, 0x0000000082e00000, 0x0000000082f00000|  0%| F|  |TAMS 0x0000000082e00000| PB 0x0000000082e00000| Untracked 
|  47|0x0000000082f00000, 0x0000000082f00000, 0x0000000083000000|  0%| F|  |TAMS 0x0000000082f00000| PB 0x0000000082f00000| Untracked 
|  48|0x0000000083000000, 0x0000000083000000, 0x0000000083100000|  0%| F|  |TAMS 0x0000000083000000| PB 0x0000000083000000| Untracked 
|  49|0x0000000083100000, 0x0000000083100000, 0x0000000083200000|  0%| F|  |TAMS 0x0000000083100000| PB 0x0000000083100000| Untracked 
|  50|0x0000000083200000, 0x0000000083200000, 0x0000000083300000|  0%| F|  |TAMS 0x0000000083200000| PB 0x0000000083200000| Untracked 
|  51|0x0000000083300000, 0x0000000083300000, 0x0000000083400000|  0%| F|  |TAMS 0x0000000083300000| PB 0x0000000083300000| Untracked 
|  52|0x0000000083400000, 0x0000000083400000, 0x0000000083500000|  0%| F|  |TAMS 0x0000000083400000| PB 0x0000000083400000| Untracked 
|  53|0x0000000083500000, 0x0000000083500000, 0x0000000083600000|  0%| F|  |TAMS 0x0000000083500000| PB 0x0000000083500000| Untracked 
|  54|0x0000000083600000, 0x0000000083600000, 0x0000000083700000|  0%| F|  |TAMS 0x0000000083600000| PB 0x0000000083600000| Untracked 
|  55|0x0000000083700000, 0x0000000083700000, 0x0000000083800000|  0%| F|  |TAMS 0x0000000083700000| PB 0x0000000083700000| Untracked 
|  56|0x0000000083800000, 0x0000000083800000, 0x0000000083900000|  0%| F|  |TAMS 0x0000000083800000| PB 0x0000000083800000| Untracked 
|  57|0x0000000083900000, 0x0000000083900000, 0x0000000083a00000|  0%| F|  |TAMS 0x0000000083900000| PB 0x0000000083900000| Untracked 
|  58|0x0000000083a00000, 0x0000000083a00000, 0x0000000083b00000|  0%| F|  |TAMS 0x0000000083a00000| PB 0x0000000083a00000| Untracked 
|  59|0x0000000083b00000, 0x0000000083b00000, 0x0000000083c00000|  0%| F|  |TAMS 0x0000000083b00000| PB 0x0000000083b00000| Untracked 
|  60|0x0000000083c00000, 0x0000000083c00000, 0x0000000083d00000|  0%| F|  |TAMS 0x0000000083c00000| PB 0x0000000083c00000| Untracked 
|  61|0x0000000083d00000, 0x0000000083d00000, 0x0000000083e00000|  0%| F|  |TAMS 0x0000000083d00000| PB 0x0000000083d00000| Untracked 
|  62|0x0000000083e00000, 0x0000000083e00000, 0x0000000083f00000|  0%| F|  |TAMS 0x0000000083e00000| PB 0x0000000083e00000| Untracked 
|  63|0x0000000083f00000, 0x0000000083f00000, 0x0000000084000000|  0%| F|  |TAMS 0x0000000083f00000| PB 0x0000000083f00000| Untracked 
|  64|0x0000000084000000, 0x0000000084000000, 0x0000000084100000|  0%| F|  |TAMS 0x0000000084000000| PB 0x0000000084000000| Untracked 
|  65|0x0000000084100000, 0x0000000084100000, 0x0000000084200000|  0%| F|  |TAMS 0x0000000084100000| PB 0x0000000084100000| Untracked 
|  66|0x0000000084200000, 0x0000000084200000, 0x0000000084300000|  0%| F|  |TAMS 0x0000000084200000| PB 0x0000000084200000| Untracked 
|  67|0x0000000084300000, 0x0000000084300000, 0x0000000084400000|  0%| F|  |TAMS 0x0000000084300000| PB 0x0000000084300000| Untracked 
|  68|0x0000000084400000, 0x0000000084400000, 0x0000000084500000|  0%| F|  |TAMS 0x0000000084400000| PB 0x0000000084400000| Untracked 
|  69|0x0000000084500000, 0x0000000084500000, 0x0000000084600000|  0%| F|  |TAMS 0x0000000084500000| PB 0x0000000084500000| Untracked 
|  70|0x0000000084600000, 0x0000000084600000, 0x0000000084700000|  0%| F|  |TAMS 0x0000000084600000| PB 0x0000000084600000| Untracked 
|  71|0x0000000084700000, 0x0000000084700000, 0x0000000084800000|  0%| F|  |TAMS 0x0000000084700000| PB 0x0000000084700000| Untracked 
|  72|0x0000000084800000, 0x0000000084800000, 0x0000000084900000|  0%| F|  |TAMS 0x0000000084800000| PB 0x0000000084800000| Untracked 
|  73|0x0000000084900000, 0x0000000084900000, 0x0000000084a00000|  0%| F|  |TAMS 0x0000000084900000| PB 0x0000000084900000| Untracked 
|  74|0x0000000084a00000, 0x0000000084a00000, 0x0000000084b00000|  0%| F|  |TAMS 0x0000000084a00000| PB 0x0000000084a00000| Untracked 
|  75|0x0000000084b00000, 0x0000000084b00000, 0x0000000084c00000|  0%| F|  |TAMS 0x0000000084b00000| PB 0x0000000084b00000| Untracked 
|  76|0x0000000084c00000, 0x0000000084c00000, 0x0000000084d00000|  0%| F|  |TAMS 0x0000000084c00000| PB 0x0000000084c00000| Untracked 
|  77|0x0000000084d00000, 0x0000000084d00000, 0x0000000084e00000|  0%| F|  |TAMS 0x0000000084d00000| PB 0x0000000084d00000| Untracked 
|  78|0x0000000084e00000, 0x0000000084e00000, 0x0000000084f00000|  0%| F|  |TAMS 0x0000000084e00000| PB 0x0000000084e00000| Untracked 
|  79|0x0000000084f00000, 0x0000000084f00000, 0x0000000085000000|  0%| F|  |TAMS 0x0000000084f00000| PB 0x0000000084f00000| Untracked 
|  80|0x0000000085000000, 0x0000000085000000, 0x0000000085100000|  0%| F|  |TAMS 0x0000000085000000| PB 0x0000000085000000| Untracked 
|  81|0x0000000085100000, 0x0000000085100000, 0x0000000085200000|  0%| F|  |TAMS 0x0000000085100000| PB 0x0000000085100000| Untracked 
|  82|0x0000000085200000, 0x0000000085200000, 0x0000000085300000|  0%| F|  |TAMS 0x0000000085200000| PB 0x0000000085200000| Untracked 
|  83|0x0000000085300000, 0x0000000085300000, 0x0000000085400000|  0%| F|  |TAMS 0x0000000085300000| PB 0x0000000085300000| Untracked 
|  84|0x0000000085400000, 0x0000000085400000, 0x0000000085500000|  0%| F|  |TAMS 0x0000000085400000| PB 0x0000000085400000| Untracked 
|  85|0x0000000085500000, 0x0000000085500000, 0x0000000085600000|  0%| F|  |TAMS 0x0000000085500000| PB 0x0000000085500000| Untracked 
|  86|0x0000000085600000, 0x0000000085600000, 0x0000000085700000|  0%| F|  |TAMS 0x0000000085600000| PB 0x0000000085600000| Untracked 
|  87|0x0000000085700000, 0x0000000085700000, 0x0000000085800000|  0%| F|  |TAMS 0x0000000085700000| PB 0x0000000085700000| Untracked 
|  88|0x0000000085800000, 0x0000000085800000, 0x0000000085900000|  0%| F|  |TAMS 0x0000000085800000| PB 0x0000000085800000| Untracked 
|  89|0x0000000085900000, 0x0000000085900000, 0x0000000085a00000|  0%| F|  |TAMS 0x0000000085900000| PB 0x0000000085900000| Untracked 
|  90|0x0000000085a00000, 0x0000000085a00000, 0x0000000085b00000|  0%| F|  |TAMS 0x0000000085a00000| PB 0x0000000085a00000| Untracked 
|  91|0x0000000085b00000, 0x0000000085b00000, 0x0000000085c00000|  0%| F|  |TAMS 0x0000000085b00000| PB 0x0000000085b00000| Untracked 
|  92|0x0000000085c00000, 0x0000000085c00000, 0x0000000085d00000|  0%| F|  |TAMS 0x0000000085c00000| PB 0x0000000085c00000| Untracked 
|  93|0x0000000085d00000, 0x0000000085d00000, 0x0000000085e00000|  0%| F|  |TAMS 0x0000000085d00000| PB 0x0000000085d00000| Untracked 
|  94|0x0000000085e00000, 0x0000000085e00000, 0x0000000085f00000|  0%| F|  |TAMS 0x0000000085e00000| PB 0x0000000085e00000| Untracked 
|  95|0x0000000085f00000, 0x0000000085f00000, 0x0000000086000000|  0%| F|  |TAMS 0x0000000085f00000| PB 0x0000000085f00000| Untracked 
|  96|0x0000000086000000, 0x0000000086000000, 0x0000000086100000|  0%| F|  |TAMS 0x0000000086000000| PB 0x0000000086000000| Untracked 
|  97|0x0000000086100000, 0x0000000086100000, 0x0000000086200000|  0%| F|  |TAMS 0x0000000086100000| PB 0x0000000086100000| Untracked 
|  98|0x0000000086200000, 0x0000000086200000, 0x0000000086300000|  0%| F|  |TAMS 0x0000000086200000| PB 0x0000000086200000| Untracked 
|  99|0x0000000086300000, 0x0000000086300000, 0x0000000086400000|  0%| F|  |TAMS 0x0000000086300000| PB 0x0000000086300000| Untracked 
| 100|0x0000000086400000, 0x0000000086400000, 0x0000000086500000|  0%| F|  |TAMS 0x0000000086400000| PB 0x0000000086400000| Untracked 
| 101|0x0000000086500000, 0x0000000086500000, 0x0000000086600000|  0%| F|  |TAMS 0x0000000086500000| PB 0x0000000086500000| Untracked 
| 102|0x0000000086600000, 0x0000000086600000, 0x0000000086700000|  0%| F|  |TAMS 0x0000000086600000| PB 0x0000000086600000| Untracked 
| 103|0x0000000086700000, 0x0000000086700000, 0x0000000086800000|  0%| F|  |TAMS 0x0000000086700000| PB 0x0000000086700000| Untracked 
| 104|0x0000000086800000, 0x0000000086800000, 0x0000000086900000|  0%| F|  |TAMS 0x0000000086800000| PB 0x0000000086800000| Untracked 
| 105|0x0000000086900000, 0x0000000086900000, 0x0000000086a00000|  0%| F|  |TAMS 0x0000000086900000| PB 0x0000000086900000| Untracked 
| 106|0x0000000086a00000, 0x0000000086a00000, 0x0000000086b00000|  0%| F|  |TAMS 0x0000000086a00000| PB 0x0000000086a00000| Untracked 
| 107|0x0000000086b00000, 0x0000000086b00000, 0x0000000086c00000|  0%| F|  |TAMS 0x0000000086b00000| PB 0x0000000086b00000| Untracked 
| 108|0x0000000086c00000, 0x0000000086c00000, 0x0000000086d00000|  0%| F|  |TAMS 0x0000000086c00000| PB 0x0000000086c00000| Untracked 
| 109|0x0000000086d00000, 0x0000000086d00000, 0x0000000086e00000|  0%| F|  |TAMS 0x0000000086d00000| PB 0x0000000086d00000| Untracked 
| 110|0x0000000086e00000, 0x0000000086e00000, 0x0000000086f00000|  0%| F|  |TAMS 0x0000000086e00000| PB 0x0000000086e00000| Untracked 
| 111|0x0000000086f00000, 0x0000000086f00000, 0x0000000087000000|  0%| F|  |TAMS 0x0000000086f00000| PB 0x0000000086f00000| Untracked 
| 112|0x0000000087000000, 0x0000000087089cb8, 0x0000000087100000| 53%| S|CS|TAMS 0x0000000087000000| PB 0x0000000087000000| Complete 
| 113|0x0000000087100000, 0x0000000087100000, 0x0000000087200000|  0%| F|  |TAMS 0x0000000087100000| PB 0x0000000087100000| Untracked 
| 114|0x0000000087200000, 0x0000000087200000, 0x0000000087300000|  0%| F|  |TAMS 0x0000000087200000| PB 0x0000000087200000| Untracked 
| 115|0x0000000087300000, 0x0000000087400000, 0x0000000087400000|100%| S|CS|TAMS 0x0000000087300000| PB 0x0000000087300000| Complete 
| 116|0x0000000087400000, 0x0000000087400000, 0x0000000087500000|  0%| F|  |TAMS 0x0000000087400000| PB 0x0000000087400000| Untracked 
| 117|0x0000000087500000, 0x0000000087500000, 0x0000000087600000|  0%| F|  |TAMS 0x0000000087500000| PB 0x0000000087500000| Untracked 
| 118|0x0000000087600000, 0x0000000087600000, 0x0000000087700000|  0%| F|  |TAMS 0x0000000087600000| PB 0x0000000087600000| Untracked 
| 119|0x0000000087700000, 0x0000000087700000, 0x0000000087800000|  0%| F|  |TAMS 0x0000000087700000| PB 0x0000000087700000| Untracked 
| 120|0x0000000087800000, 0x00000000878cbbe0, 0x0000000087900000| 79%| E|  |TAMS 0x0000000087800000| PB 0x0000000087800000| Complete 
| 121|0x0000000087900000, 0x0000000087a00000, 0x0000000087a00000|100%| E|CS|TAMS 0x0000000087900000| PB 0x0000000087900000| Complete 
| 122|0x0000000087a00000, 0x0000000087b00000, 0x0000000087b00000|100%| E|CS|TAMS 0x0000000087a00000| PB 0x0000000087a00000| Complete 
| 123|0x0000000087b00000, 0x0000000087c00000, 0x0000000087c00000|100%| E|CS|TAMS 0x0000000087b00000| PB 0x0000000087b00000| Complete 
| 124|0x0000000087c00000, 0x0000000087d00000, 0x0000000087d00000|100%| E|CS|TAMS 0x0000000087c00000| PB 0x0000000087c00000| Complete 
| 125|0x0000000087d00000, 0x0000000087e00000, 0x0000000087e00000|100%| E|CS|TAMS 0x0000000087d00000| PB 0x0000000087d00000| Complete 
| 126|0x0000000087e00000, 0x0000000087f00000, 0x0000000087f00000|100%| E|CS|TAMS 0x0000000087e00000| PB 0x0000000087e00000| Complete 
| 127|0x0000000087f00000, 0x0000000088000000, 0x0000000088000000|100%| E|CS|TAMS 0x0000000087f00000| PB 0x0000000087f00000| Complete 

Card table byte_map: [0x00000216d14a0000,0x00000216d18a0000] _byte_map_base: 0x00000216d10a0000

Marking Bits: (CMBitMap*) 0x00000216be09f650
 Bits: [0x00000216d18a0000, 0x00000216d38a0000)

Polling page: 0x00000216bbf40000

Metaspace:

Usage:
  Non-class:     13.40 MB used.
      Class:      1.80 MB used.
       Both:     15.19 MB used.

Virtual space:
  Non-class space:       64.00 MB reserved,      13.62 MB ( 21%) committed,  1 nodes.
      Class space:        1.00 GB reserved,       2.00 MB ( <1%) committed,  1 nodes.
             Both:        1.06 GB reserved,      15.62 MB (  1%) committed. 

Chunk freelists:
   Non-Class:  2.23 MB
       Class:  14.04 MB
        Both:  16.27 MB

MaxMetaspaceSize: unlimited
CompressedClassSpaceSize: 1.00 GB
Initial GC threshold: 21.00 MB
Current GC threshold: 21.00 MB
CDS: on
 - commit_granule_bytes: 65536.
 - commit_granule_words: 8192.
 - virtual_space_node_default_size: 8388608.
 - enlarge_chunks_in_place: 1.
 - use_allocation_guard: 0.


Internal statistics:

num_allocs_failed_limit: 0.
num_arena_births: 426.
num_arena_deaths: 0.
num_vsnodes_births: 2.
num_vsnodes_deaths: 0.
num_space_committed: 250.
num_space_uncommitted: 0.
num_chunks_returned_to_freelist: 0.
num_chunks_taken_from_freelist: 810.
num_chunk_merges: 0.
num_chunk_splits: 487.
num_chunks_enlarged: 210.
num_inconsistent_stats: 0.

CodeHeap 'non-profiled nmethods': size=120000Kb used=669Kb max_used=669Kb free=119330Kb
 bounds [0x00000216c9b70000, 0x00000216c9de0000, 0x00000216d10a0000]
CodeHeap 'profiled nmethods': size=120000Kb used=3431Kb max_used=3431Kb free=116568Kb
 bounds [0x00000216c20a0000, 0x00000216c2400000, 0x00000216c95d0000]
CodeHeap 'non-nmethods': size=5760Kb used=1503Kb max_used=1515Kb free=4256Kb
 bounds [0x00000216c95d0000, 0x00000216c9840000, 0x00000216c9b70000]
 total_blobs=2457 nmethods=1880 adapters=482
 compilation: enabled
              stopped_count=0, restarted_count=0
 full_count=0

Compilation events (20 events):
Event: 9.810 Thread 0x00000216d5d6dca0 nmethod 1841 0x00000216c23e2610 code [0x00000216c23e27c0, 0x00000216c23e2998]
Event: 9.810 Thread 0x00000216d5d6dca0 1842       3       java.lang.invoke.VarHandleGuards::guard_LI_J (78 bytes)
Event: 9.813 Thread 0x00000216d5d6dca0 nmethod 1842 0x00000216c23e2a90 code [0x00000216c23e2dc0, 0x00000216c23e4708]
Event: 9.813 Thread 0x00000216d5d6dca0 1844       3       java.lang.Long::reverseBytes (46 bytes)
Event: 9.813 Thread 0x00000216d5d6dca0 nmethod 1844 0x00000216c23e4e90 code [0x00000216c23e5020, 0x00000216c23e5178]
Event: 9.813 Thread 0x00000216d5d6dca0 1845       3       java.lang.invoke.VarHandleByteArrayAsLongs$ArrayHandle::index (13 bytes)
Event: 9.814 Thread 0x00000216d5d6dca0 nmethod 1845 0x00000216c23e5210 code [0x00000216c23e53c0, 0x00000216c23e5508]
Event: 9.814 Thread 0x00000216d5d6dca0 1843       3       java.lang.invoke.VarHandleByteArrayAsLongs$ArrayHandle::get (36 bytes)
Event: 9.814 Thread 0x00000216d5d6dca0 nmethod 1843 0x00000216c23e5610 code [0x00000216c23e57e0, 0x00000216c23e5c08]
Event: 9.814 Thread 0x00000216d5d6dca0 1849       3       java.nio.Buffer::remaining (20 bytes)
Event: 9.814 Thread 0x00000216d5d6dca0 nmethod 1849 0x00000216c23e5d90 code [0x00000216c23e5f40, 0x00000216c23e60c0]
Event: 9.837 Thread 0x00000216d5d6dca0 1850       3       java.nio.ByteBuffer::array (35 bytes)
Event: 9.838 Thread 0x00000216d5d6dca0 nmethod 1850 0x00000216c23e6190 code [0x00000216c23e6360, 0x00000216c23e6630]
Event: 9.838 Thread 0x00000216d5d6dca0 1851       3       java.nio.HeapByteBuffer::get (14 bytes)
Event: 9.838 Thread 0x00000216d5d6dca0 nmethod 1851 0x00000216c23e6790 code [0x00000216c23e6960, 0x00000216c23e6c38]
Event: 9.838 Thread 0x00000216d5d6dca0 1852       3       java.nio.Buffer::nextGetIndex (30 bytes)
Event: 9.838 Thread 0x00000216d5d6dca0 nmethod 1852 0x00000216c23e6e10 code [0x00000216c23e6fc0, 0x00000216c23e7190]
Event: 9.838 Thread 0x00000216d5d6dca0 1853       3       java.util.Collections$UnmodifiableCollection::isEmpty (10 bytes)
Event: 9.838 Thread 0x00000216d5d6dca0 nmethod 1853 0x00000216c23e7290 code [0x00000216c23e7440, 0x00000216c23e7618]
Event: 9.842 Thread 0x00000216d5d6dca0 1854       3       com.sun.crypto.provider.GHASH::blockMult (245 bytes)

GC Heap History (4 events):
Event: 3.406 GC heap before
{Heap before GC invocations=0 (full 0):
 garbage-first heap   total 131072K, used 17408K [0x0000000080000000, 0x0000000100000000)
  region size 1024K, 13 young (13312K), 0 survivors (0K)
 Metaspace       used 4138K, committed 4288K, reserved 1114112K
  class space    used 525K, committed 576K, reserved 1048576K
}
Event: 3.436 GC heap after
{Heap after GC invocations=1 (full 0):
 garbage-first heap   total 131072K, used 8192K [0x0000000080000000, 0x0000000100000000)
  region size 1024K, 2 young (2048K), 2 survivors (2048K)
 Metaspace       used 4138K, committed 4288K, reserved 1114112K
  class space    used 525K, committed 576K, reserved 1048576K
}
Event: 8.045 GC heap before
{Heap before GC invocations=1 (full 0):
 garbage-first heap   total 131072K, used 19456K [0x0000000080000000, 0x0000000100000000)
  region size 1024K, 14 young (14336K), 2 survivors (2048K)
 Metaspace       used 9748K, committed 10176K, reserved 1114112K
  class space    used 1181K, committed 1408K, reserved 1048576K
}
Event: 8.055 GC heap after
{Heap after GC invocations=2 (full 0):
 garbage-first heap   total 131072K, used 9865K [0x0000000080000000, 0x0000000100000000)
  region size 1024K, 2 young (2048K), 2 survivors (2048K)
 Metaspace       used 9748K, committed 10176K, reserved 1114112K
  class space    used 1181K, committed 1408K, reserved 1048576K
}

Dll operation events (2 events):
Event: 0.860 Loaded shared library E:\IntelliJ IDEA 2025.1.2\jbr\bin\java.dll
Event: 1.414 Loaded shared library E:\IntelliJ IDEA 2025.1.2\jbr\bin\zip.dll

Deoptimization events (20 events):
Event: 8.462 Thread 0x000002171b5cdaf0 Uncommon trap: trap_request=0xffffffde fr.pc=0x00000216c9bf9c30 relative=0x0000000000000bd0
Event: 8.462 Thread 0x000002171b5cdaf0 Uncommon trap: reason=class_check action=maybe_recompile pc=0x00000216c9bf9c30 method=java.util.HashMap.putVal(ILjava/lang/Object;Ljava/lang/Object;ZZ)Ljava/lang/Object; @ 203 c2
Event: 8.462 Thread 0x000002171b5cdaf0 DEOPT PACKING pc=0x00000216c9bf9c30 sp=0x000000c9edafc7c0
Event: 8.462 Thread 0x000002171b5cdaf0 DEOPT UNPACKING pc=0x00000216c96246a2 sp=0x000000c9edafc770 mode 2
Event: 8.527 Thread 0x000002171b5cdaf0 Uncommon trap: trap_request=0xffffff45 fr.pc=0x00000216c9c03f08 relative=0x0000000000000b88
Event: 8.527 Thread 0x000002171b5cdaf0 Uncommon trap: reason=unstable_if action=reinterpret pc=0x00000216c9c03f08 method=java.util.HashMap.putVal(ILjava/lang/Object;Ljava/lang/Object;ZZ)Ljava/lang/Object; @ 236 c2
Event: 8.527 Thread 0x000002171b5cdaf0 DEOPT PACKING pc=0x00000216c9c03f08 sp=0x000000c9edafb1f0
Event: 8.527 Thread 0x000002171b5cdaf0 DEOPT UNPACKING pc=0x00000216c96246a2 sp=0x000000c9edafb1d8 mode 2
Event: 8.533 Thread 0x000002171b5cdaf0 Uncommon trap: trap_request=0xffffff6e fr.pc=0x00000216c9bf4f70 relative=0x0000000000000430
Event: 8.533 Thread 0x000002171b5cdaf0 Uncommon trap: reason=loop_limit_check action=maybe_recompile pc=0x00000216c9bf4f70 method=java.lang.StringLatin1.indexOf([BI[BII)I @ 37 c2
Event: 8.533 Thread 0x000002171b5cdaf0 DEOPT PACKING pc=0x00000216c9bf4f70 sp=0x000000c9edafbd50
Event: 8.534 Thread 0x000002171b5cdaf0 DEOPT UNPACKING pc=0x00000216c96246a2 sp=0x000000c9edafbcd8 mode 2
Event: 9.166 Thread 0x000002171b5cdaf0 Uncommon trap: trap_request=0xffffff45 fr.pc=0x00000216c9c066fc relative=0x000000000000027c
Event: 9.166 Thread 0x000002171b5cdaf0 Uncommon trap: reason=unstable_if action=reinterpret pc=0x00000216c9c066fc method=java.util.HashMap.putVal(ILjava/lang/Object;Ljava/lang/Object;ZZ)Ljava/lang/Object; @ 162 c2
Event: 9.166 Thread 0x000002171b5cdaf0 DEOPT PACKING pc=0x00000216c9c066fc sp=0x000000c9edafb790
Event: 9.166 Thread 0x000002171b5cdaf0 DEOPT UNPACKING pc=0x00000216c96246a2 sp=0x000000c9edafb6d8 mode 2
Event: 9.200 Thread 0x000002171b5cdaf0 Uncommon trap: trap_request=0xffffff45 fr.pc=0x00000216c9b79c34 relative=0x0000000000000194
Event: 9.200 Thread 0x000002171b5cdaf0 Uncommon trap: reason=unstable_if action=reinterpret pc=0x00000216c9b79c34 method=jdk.internal.util.ArraysSupport.vectorizedHashCode(Ljava/lang/Object;IIII)I @ 2 c2
Event: 9.200 Thread 0x000002171b5cdaf0 DEOPT PACKING pc=0x00000216c9b79c34 sp=0x000000c9edafb6e0
Event: 9.200 Thread 0x000002171b5cdaf0 DEOPT UNPACKING pc=0x00000216c96246a2 sp=0x000000c9edafb690 mode 2

Classes loaded (20 events):
Event: 9.821 Loading class com/sun/crypto/provider/GaloisCounterMode$GCMDecrypt
Event: 9.831 Loading class com/sun/crypto/provider/GaloisCounterMode$GCMEngine
Event: 9.832 Loading class com/sun/crypto/provider/GaloisCounterMode$GCMEngine done
Event: 9.832 Loading class com/sun/crypto/provider/GaloisCounterMode$GCMDecrypt done
Event: 9.832 Loading class com/sun/crypto/provider/GCTR
Event: 9.834 Loading class com/sun/crypto/provider/GCM
Event: 9.835 Loading class com/sun/crypto/provider/GCM done
Event: 9.835 Loading class com/sun/crypto/provider/CounterMode
Event: 9.835 Loading class com/sun/crypto/provider/CounterMode done
Event: 9.835 Loading class com/sun/crypto/provider/GCTR done
Event: 9.835 Loading class com/sun/crypto/provider/GHASH
Event: 9.835 Loading class com/sun/crypto/provider/GHASH done
Event: 9.835 Loading class com/sun/crypto/provider/GaloisCounterMode$DecryptOp
Event: 9.835 Loading class com/sun/crypto/provider/GaloisCounterMode$GCMOperation
Event: 9.836 Loading class com/sun/crypto/provider/GaloisCounterMode$GCMOperation done
Event: 9.836 Loading class com/sun/crypto/provider/GaloisCounterMode$DecryptOp done
Event: 9.837 Loading class sun/security/ssl/EncryptedExtensions$EncryptedExtensionsMessage
Event: 9.837 Loading class sun/security/ssl/EncryptedExtensions$EncryptedExtensionsMessage done
Event: 9.838 Loading class sun/security/ssl/CertificateRequest$T13CertificateRequestMessage
Event: 9.838 Loading class sun/security/ssl/CertificateRequest$T13CertificateRequestMessage done

Classes unloaded (0 events):
No events

Classes redefined (0 events):
No events

Internal exceptions (20 events):
Event: 3.743 Thread 0x00000216bbe40000 Exception <a 'java/lang/NoSuchMethodError'{0x0000000087fc5fd0}: 'java.lang.Object java.lang.invoke.DirectMethodHandle$Holder.invokeStaticInit(java.lang.Object, java.lang.Object, int, int, int, int)'> (0x0000000087fc5fd0) 
thrown [s\src\hotspot\share\interpreter\linkResolver.cpp, line 784]
Event: 4.308 Thread 0x00000216bbe40000 Exception <a 'java/lang/NoSuchMethodError'{0x0000000087d6e130}: 'java.lang.Object java.lang.invoke.Invokers$Holder.linkToTargetMethod(java.lang.Object, long, java.lang.Object)'> (0x0000000087d6e130) 
thrown [s\src\hotspot\share\interpreter\linkResolver.cpp, line 784]
Event: 4.879 Thread 0x000002171b5f4870 Exception <a 'java/lang/NoSuchMethodError'{0x0000000087dc6e28}: 'long java.lang.invoke.DirectMethodHandle$Holder.invokeSpecial(java.lang.Object, java.lang.Object)'> (0x0000000087dc6e28) 
thrown [s\src\hotspot\share\interpreter\linkResolver.cpp, line 784]
Event: 4.944 Thread 0x000002171b5f4870 Exception <a 'java/lang/NoSuchMethodError'{0x0000000087c21150}: 'long java.lang.invoke.Invokers$Holder.invokeExact_MT(java.lang.Object, java.lang.Object)'> (0x0000000087c21150) 
thrown [s\src\hotspot\share\interpreter\linkResolver.cpp, line 784]
Event: 4.954 Thread 0x000002171b8889a0 Exception <a 'java/lang/NoSuchMethodError'{0x0000000087c1d138}: 'long java.lang.invoke.DirectMethodHandle$Holder.invokeSpecial(java.lang.Object, java.lang.Object)'> (0x0000000087c1d138) 
thrown [s\src\hotspot\share\interpreter\linkResolver.cpp, line 784]
Event: 4.955 Thread 0x000002171b8889a0 Exception <a 'java/lang/NoSuchMethodError'{0x0000000087c2fc08}: 'long java.lang.invoke.Invokers$Holder.invokeExact_MT(java.lang.Object, java.lang.Object)'> (0x0000000087c2fc08) 
thrown [s\src\hotspot\share\interpreter\linkResolver.cpp, line 784]
Event: 5.290 Thread 0x000002171b8889a0 Exception <a 'java/lang/NoSuchMethodError'{0x0000000087c6a4d0}: 'void java.lang.invoke.DirectMethodHandle$Holder.invokeSpecial(java.lang.Object, java.lang.Object, java.lang.Object)'> (0x0000000087c6a4d0) 
thrown [s\src\hotspot\share\interpreter\linkResolver.cpp, line 784]
Event: 5.584 Thread 0x000002171b5cdaf0 Exception <a 'java/lang/NoSuchMethodError'{0x0000000087cdf068}: static [B.<clinit>()V> (0x0000000087cdf068) 
thrown [s\src\hotspot\share\prims\jni.cpp, line 1139]
Event: 5.664 Thread 0x000002171b5cdaf0 Exception <a 'java/lang/NoSuchMethodError'{0x0000000087ce0ba8}: 'long java.lang.invoke.DirectMethodHandle$Holder.invokeInterface(java.lang.Object, java.lang.Object)'> (0x0000000087ce0ba8) 
thrown [s\src\hotspot\share\interpreter\linkResolver.cpp, line 784]
Event: 5.665 Thread 0x000002171b5cdaf0 Exception <a 'java/lang/NoSuchMethodError'{0x0000000087ce4370}: 'long java.lang.invoke.DelegatingMethodHandle$Holder.reinvoke_L(java.lang.Object, java.lang.Object)'> (0x0000000087ce4370) 
thrown [s\src\hotspot\share\interpreter\linkResolver.cpp, line 784]
Event: 6.922 Thread 0x000002171b5cdaf0 Exception <a 'java/lang/NoSuchMethodError'{0x0000000087b39420}: static [Ljava/rmi/server/ObjID;.<clinit>()V> (0x0000000087b39420) 
thrown [s\src\hotspot\share\prims\jni.cpp, line 1139]
Event: 6.951 Thread 0x000002171b5cdaf0 Exception <a 'java/lang/NoSuchMethodError'{0x0000000087b60918}: 'void java.lang.invoke.Invokers$Holder.linkToTargetMethod(java.lang.Object, java.lang.Object)'> (0x0000000087b60918) 
thrown [s\src\hotspot\share\interpreter\linkResolver.cpp, line 784]
Event: 6.965 Thread 0x000002171b5cc0b0 Exception <a 'java/lang/NoSuchMethodError'{0x0000000087b3eeb0}: 'java.lang.Object java.lang.invoke.DirectMethodHandle$Holder.invokeSpecial(java.lang.Object, java.lang.Object, int, java.lang.Object, long)'> (0x0000000087b3eeb0) 
thrown [s\src\hotspot\share\interpreter\linkResolver.cpp, line 784]
Event: 6.975 Thread 0x000002171b5cc0b0 Exception <a 'java/lang/NoSuchMethodError'{0x0000000087b45c68}: 'java.lang.Object java.lang.invoke.DirectMethodHandle$Holder.newInvokeSpecial(java.lang.Object, java.lang.Object, int, java.lang.Object, long)'> (0x0000000087b45c68) 
thrown [s\src\hotspot\share\interpreter\linkResolver.cpp, line 784]
Event: 7.044 Thread 0x000002171b5cdaf0 Exception <a 'java/lang/NoSuchMethodError'{0x0000000087ba1018}: 'java.lang.Object java.lang.invoke.DirectMethodHandle$Holder.invokeInterface(java.lang.Object, java.lang.Object, java.lang.Object, java.lang.Object, java.lang.Object)'> (0x0000000087ba1018) 
thrown [s\src\hotspot\share\interpreter\linkResolver.cpp, line 784]
Event: 7.046 Thread 0x000002171b5cdaf0 Exception <a 'java/lang/NoSuchMethodError'{0x0000000087bb4630}: 'java.lang.Object java.lang.invoke.Invokers$Holder.invokeExact_MT(java.lang.Object, java.lang.Object, java.lang.Object, java.lang.Object, java.lang.Object, java.lang.Object)'> (0x0000000087bb4630) 
thrown [s\src\hotspot\share\interpreter\linkResolver.cpp, line 784]
Event: 7.706 Thread 0x000002171b5cdaf0 Exception <a 'java/lang/NoSuchMethodError'{0x00000000878f92b0}: 'void java.lang.invoke.DirectMethodHandle$Holder.invokeStatic(java.lang.Object, java.lang.Object, java.lang.Object)'> (0x00000000878f92b0) 
thrown [s\src\hotspot\share\interpreter\linkResolver.cpp, line 784]
Event: 7.710 Thread 0x000002171b5cdaf0 Exception <a 'java/lang/NoSuchMethodError'{0x00000000877025e8}: 'java.lang.Object java.lang.invoke.DirectMethodHandle$Holder.invokeVirtual(java.lang.Object, java.lang.Object, java.lang.Object)'> (0x00000000877025e8) 
thrown [s\src\hotspot\share\interpreter\linkResolver.cpp, line 784]
Event: 8.622 Thread 0x000002171b5cdaf0 Exception <a 'sun/nio/fs/WindowsException'{0x0000000087b033c8}> (0x0000000087b033c8) 
thrown [s\src\hotspot\share\prims\jni.cpp, line 535]
Event: 9.790 Thread 0x000002171b5cdaf0 Exception <a 'java/lang/NoSuchMethodError'{0x00000000879d6e00}: 'void java.lang.invoke.DirectMethodHandle$Holder.invokeVirtual(java.lang.Object, java.lang.Object)'> (0x00000000879d6e00) 
thrown [s\src\hotspot\share\interpreter\linkResolver.cpp, line 784]

ZGC Phase Switch (0 events):
No events

VM Operations (20 events):
Event: 7.066 Executing VM operation: HandshakeAllThreads (Deoptimize)
Event: 7.066 Executing VM operation: HandshakeAllThreads (Deoptimize) done
Event: 7.511 Executing VM operation: HandshakeAllThreads (Deoptimize)
Event: 7.511 Executing VM operation: HandshakeAllThreads (Deoptimize) done
Event: 7.511 Executing VM operation: Cleanup
Event: 7.511 Executing VM operation: Cleanup done
Event: 7.679 Executing VM operation: HandshakeAllThreads (Deoptimize)
Event: 7.679 Executing VM operation: HandshakeAllThreads (Deoptimize) done
Event: 8.045 Executing VM operation: G1CollectForAllocation (G1 Evacuation Pause)
Event: 8.055 Executing VM operation: G1CollectForAllocation (G1 Evacuation Pause) done
Event: 8.332 Executing VM operation: HandshakeAllThreads (Deoptimize)
Event: 8.333 Executing VM operation: HandshakeAllThreads (Deoptimize) done
Event: 8.453 Executing VM operation: HandshakeAllThreads (Deoptimize)
Event: 8.454 Executing VM operation: HandshakeAllThreads (Deoptimize) done
Event: 8.639 Executing VM operation: HandshakeAllThreads (Deoptimize)
Event: 8.639 Executing VM operation: HandshakeAllThreads (Deoptimize) done
Event: 8.721 Executing VM operation: HandshakeAllThreads (Deoptimize)
Event: 8.721 Executing VM operation: HandshakeAllThreads (Deoptimize) done
Event: 9.721 Executing VM operation: Cleanup
Event: 9.721 Executing VM operation: Cleanup done

Memory protections (0 events):
No events

Nmethod flushes (0 events):
No events

Events (20 events):
Event: 1.490 Thread 0x00000216bbe40000 Thread added: 0x000002171b0fcc50
Event: 1.515 Thread 0x00000216bbe40000 Thread added: 0x000002171b1026f0
Event: 1.547 Loaded shared library E:\IntelliJ IDEA 2025.1.2\jbr\bin\net.dll
Event: 1.564 Loaded shared library E:\IntelliJ IDEA 2025.1.2\jbr\bin\nio.dll
Event: 1.608 Loaded shared library E:\IntelliJ IDEA 2025.1.2\jbr\bin\zip.dll
Event: 1.936 Loaded shared library E:\IntelliJ IDEA 2025.1.2\jbr\bin\jimage.dll
Event: 2.756 Thread 0x00000216bbe40000 Thread added: 0x000002171b3bf710
Event: 4.012 Loaded shared library E:\IntelliJ IDEA 2025.1.2\jbr\bin\extnet.dll
Event: 4.067 Thread 0x00000216bbe40000 Thread added: 0x000002171b5591c0
Event: 4.181 Thread 0x00000216bbe40000 Thread added: 0x000002171b542860
Event: 4.181 Thread 0x00000216bbe40000 Thread added: 0x000002171b551a60
Event: 4.184 Loaded shared library E:\IntelliJ IDEA 2025.1.2\jbr\bin\rmi.dll
Event: 4.185 Thread 0x00000216bbe40000 Thread added: 0x000002171b5520c0
Event: 4.633 Thread 0x000002171b5591c0 Thread added: 0x000002171b5f4870
Event: 4.633 Thread 0x000002171b5591c0 Thread added: 0x000002171b8889a0
Event: 5.490 Thread 0x000002171b542860 Thread added: 0x000002171b5c8e00
Event: 5.491 Thread 0x000002171b542860 Thread added: 0x000002171b5cdaf0
Event: 5.510 Thread 0x000002171b8889a0 Thread added: 0x000002171b5cf530
Event: 6.831 Thread 0x000002171b5cdaf0 Thread added: 0x000002171b5cc0b0
Event: 8.372 Loaded shared library E:\IntelliJ IDEA 2025.1.2\jbr\bin\sunmscapi.dll


Dynamic libraries:
0x00007ff6ec170000 - 0x00007ff6ec17a000 	E:\IntelliJ IDEA 2025.1.2\jbr\bin\java.exe
0x00007ffeba430000 - 0x00007ffeba628000 	C:\Windows\SYSTEM32\ntdll.dll
0x00007ffeb8e00000 - 0x00007ffeb8ebd000 	C:\Windows\System32\KERNEL32.DLL
0x00007ffeb7ee0000 - 0x00007ffeb81ae000 	C:\Windows\System32\KERNELBASE.dll
0x00007ffeb6380000 - 0x00007ffeb639b000 	E:\IntelliJ IDEA 2025.1.2\jbr\bin\VCRUNTIME140.dll
0x00007ffeb82c0000 - 0x00007ffeb83c0000 	C:\Windows\System32\ucrtbase.dll
0x00007ffeb6330000 - 0x00007ffeb6348000 	E:\IntelliJ IDEA 2025.1.2\jbr\bin\jli.dll
0x00007ffeb9a10000 - 0x00007ffeb9bb0000 	C:\Windows\System32\USER32.dll
0x00007ffeb83f0000 - 0x00007ffeb8412000 	C:\Windows\System32\win32u.dll
0x00007ffeb8490000 - 0x00007ffeb84ba000 	C:\Windows\System32\GDI32.dll
0x00007ffeb81b0000 - 0x00007ffeb82bb000 	C:\Windows\System32\gdi32full.dll
0x00007ffeb7db0000 - 0x00007ffeb7e4d000 	C:\Windows\System32\msvcp_win.dll
0x00007ffea55a0000 - 0x00007ffea583a000 	C:\Windows\WinSxS\amd64_microsoft.windows.common-controls_6595b64144ccf1df_6.0.19041.1110_none_60b5254171f9507e\COMCTL32.dll
0x00007ffeb9890000 - 0x00007ffeb992e000 	C:\Windows\System32\msvcrt.dll
0x00007ffeb8830000 - 0x00007ffeb8860000 	C:\Windows\System32\IMM32.DLL
0x00007ffeb6370000 - 0x00007ffeb637c000 	E:\IntelliJ IDEA 2025.1.2\jbr\bin\vcruntime140_1.dll
0x00007ffe89580000 - 0x00007ffe8960d000 	E:\IntelliJ IDEA 2025.1.2\jbr\bin\msvcp140.dll
0x00007ffe79360000 - 0x00007ffe7a121000 	E:\IntelliJ IDEA 2025.1.2\jbr\bin\server\jvm.dll
0x00007ffeb9730000 - 0x00007ffeb97de000 	C:\Windows\System32\ADVAPI32.dll
0x00007ffeb8590000 - 0x00007ffeb862c000 	C:\Windows\System32\sechost.dll
0x00007ffeb8630000 - 0x00007ffeb8755000 	C:\Windows\System32\RPCRT4.dll
0x00007ffeb8ed0000 - 0x00007ffeb8f3b000 	C:\Windows\System32\WS2_32.dll
0x00007ffeb79c0000 - 0x00007ffeb7a0b000 	C:\Windows\SYSTEM32\POWRPROF.dll
0x00007ffea3810000 - 0x00007ffea3837000 	C:\Windows\SYSTEM32\WINMM.dll
0x00007ffeb62e0000 - 0x00007ffeb62ea000 	C:\Windows\SYSTEM32\VERSION.dll
0x00007ffeb79a0000 - 0x00007ffeb79b2000 	C:\Windows\SYSTEM32\UMPDC.dll
0x00007ffeb63e0000 - 0x00007ffeb63f2000 	C:\Windows\SYSTEM32\kernel.appcore.dll
0x00007ffeb6360000 - 0x00007ffeb636a000 	E:\IntelliJ IDEA 2025.1.2\jbr\bin\jimage.dll
0x00007ffea3850000 - 0x00007ffea3a34000 	C:\Windows\SYSTEM32\DBGHELP.DLL
0x00007ffe9fd50000 - 0x00007ffe9fd7c000 	C:\Windows\SYSTEM32\dbgcore.DLL
0x00007ffeb7e50000 - 0x00007ffeb7ed2000 	C:\Windows\System32\bcryptPrimitives.dll
0x00007ffeb6310000 - 0x00007ffeb6330000 	E:\IntelliJ IDEA 2025.1.2\jbr\bin\java.dll
0x00007ffeb9ca0000 - 0x00007ffeba3e4000 	C:\Windows\System32\SHELL32.dll
0x00007ffeb5a90000 - 0x00007ffeb6224000 	C:\Windows\SYSTEM32\windows.storage.dll
0x00007ffeb8870000 - 0x00007ffeb8bc4000 	C:\Windows\System32\combase.dll
0x00007ffeb74e0000 - 0x00007ffeb7510000 	C:\Windows\SYSTEM32\Wldp.dll
0x00007ffeb9540000 - 0x00007ffeb95ed000 	C:\Windows\System32\SHCORE.dll
0x00007ffeb8760000 - 0x00007ffeb87b5000 	C:\Windows\System32\shlwapi.dll
0x00007ffeb7a90000 - 0x00007ffeb7aaf000 	C:\Windows\SYSTEM32\profapi.dll
0x00007ffeb5a70000 - 0x00007ffeb5a88000 	E:\IntelliJ IDEA 2025.1.2\jbr\bin\zip.dll
0x00007ffeb6300000 - 0x00007ffeb6310000 	E:\IntelliJ IDEA 2025.1.2\jbr\bin\net.dll
0x00007ffeae9f0000 - 0x00007ffeaeafa000 	C:\Windows\SYSTEM32\WINHTTP.dll
0x00007ffeb7240000 - 0x00007ffeb72aa000 	C:\Windows\system32\mswsock.dll
0x00007ffeb5900000 - 0x00007ffeb5916000 	E:\IntelliJ IDEA 2025.1.2\jbr\bin\nio.dll
0x00007ffeb6f30000 - 0x00007ffeb6f6b000 	C:\Windows\SYSTEM32\IPHLPAPI.DLL
0x00007ffeb87c0000 - 0x00007ffeb87c8000 	C:\Windows\System32\NSI.dll
0x00007ffeb7430000 - 0x00007ffeb7448000 	C:\Windows\SYSTEM32\CRYPTSP.dll
0x00007ffeb6bc0000 - 0x00007ffeb6bf4000 	C:\Windows\system32\rsaenh.dll
0x00007ffeb83c0000 - 0x00007ffeb83e7000 	C:\Windows\System32\bcrypt.dll
0x00007ffeb7a50000 - 0x00007ffeb7a7e000 	C:\Windows\SYSTEM32\USERENV.dll
0x00007ffeb7450000 - 0x00007ffeb745c000 	C:\Windows\SYSTEM32\CRYPTBASE.dll
0x00007ffeaf6d0000 - 0x00007ffeaf6d9000 	E:\IntelliJ IDEA 2025.1.2\jbr\bin\extnet.dll
0x00007ffeaf6e0000 - 0x00007ffeaf6e7000 	E:\IntelliJ IDEA 2025.1.2\jbr\bin\rmi.dll
0x00007ffeb6f70000 - 0x00007ffeb703a000 	C:\Windows\SYSTEM32\DNSAPI.dll
0x00000000502b0000 - 0x00000000502d6000 	C:\Program Files\Bonjour\mdnsNSP.dll
0x00007ffea5990000 - 0x00007ffea599a000 	C:\Windows\System32\rasadhlp.dll
0x00007ffea5b80000 - 0x00007ffea5c00000 	C:\Windows\System32\fwpuclnt.dll
0x00007ffeaf740000 - 0x00007ffeaf74e000 	E:\IntelliJ IDEA 2025.1.2\jbr\bin\sunmscapi.dll
0x00007ffeb7b50000 - 0x00007ffeb7ca6000 	C:\Windows\System32\CRYPT32.dll
0x00007ffeb7550000 - 0x00007ffeb7577000 	C:\Windows\SYSTEM32\ncrypt.dll
0x00007ffeb7510000 - 0x00007ffeb754b000 	C:\Windows\SYSTEM32\NTASN1.dll

dbghelp: loaded successfully - version: 4.0.5 - missing functions: none
symbol engine: initialized successfully - sym options: 0x614 - pdb path: .;E:\IntelliJ IDEA 2025.1.2\jbr\bin;C:\Windows\SYSTEM32;C:\Windows\WinSxS\amd64_microsoft.windows.common-controls_6595b64144ccf1df_6.0.19041.1110_none_60b5254171f9507e;E:\IntelliJ IDEA 2025.1.2\jbr\bin\server;C:\Program Files\Bonjour

VM Arguments:
jvm_args: -Djava.rmi.server.hostname=127.0.0.1 -Duser.timezone=UTC -Xmx2048m -Xms128m -Djdbc.classpath=C:\Users\LENOVO\AppData\Local\Temp\RemoteDriver11.classpath.txt --add-exports=java.desktop/sun.awt=ALL-UNNAMED --add-exports=java.desktop/java.awt.peer=ALL-UNNAMED --add-opens=java.desktop/java.awt=ALL-UNNAMED --add-opens=jdk.unsupported/sun.misc=ALL-UNNAMED --add-opens=java.base/java.nio=ALL-UNNAMED --add-opens=java.base/java.util=ALL-UNNAMED -Dfile.encoding=UTF-8 -Dsun.stdout.encoding=UTF-8 -Dsun.stderr.encoding=UTF-8 
java_command: com.intellij.database.remote.RemoteJdbcServer com.mysql.cj.jdbc.Driver
java_class_path (initial): E:\IntelliJ IDEA 2025.1.2\lib\util_rt.jar;E:\IntelliJ IDEA 2025.1.2\lib\util-8.jar;E:\IntelliJ IDEA 2025.1.2\lib\groovy.jar;E:\IntelliJ IDEA 2025.1.2\plugins\DatabaseTools\lib\jdbc-console.jar;E:\IntelliJ IDEA 2025.1.2\lib\modules\intellij.grid.types.jar;E:\IntelliJ IDEA 2025.1.2\lib\util.jar;E:\IntelliJ IDEA 2025.1.2\lib\bouncy-castle.jar
Launcher Type: SUN_STANDARD

[Global flags]
     intx CICompilerCount                          = 3                                         {product} {ergonomic}
     uint ConcGCThreads                            = 1                                         {product} {ergonomic}
     uint G1ConcRefinementThreads                  = 4                                         {product} {ergonomic}
   size_t G1HeapRegionSize                         = 1048576                                   {product} {ergonomic}
    uintx GCDrainStackTargetSize                   = 64                                        {product} {ergonomic}
   size_t InitialHeapSize                          = 134217728                                 {product} {command line}
   size_t MarkStackSize                            = 4194304                                   {product} {ergonomic}
   size_t MaxHeapSize                              = 2147483648                                {product} {command line}
   size_t MaxNewSize                               = 1287651328                                {product} {ergonomic}
   size_t MinHeapDeltaBytes                        = 1048576                                   {product} {ergonomic}
   size_t MinHeapSize                              = 134217728                                 {product} {command line}
    uintx NonNMethodCodeHeapSize                   = 5832780                                {pd product} {ergonomic}
    uintx NonProfiledCodeHeapSize                  = 122912730                              {pd product} {ergonomic}
    uintx ProfiledCodeHeapSize                     = 122912730                              {pd product} {ergonomic}
    uintx ReservedCodeCacheSize                    = 251658240                              {pd product} {ergonomic}
     bool SegmentedCodeCache                       = true                                      {product} {ergonomic}
   size_t SoftMaxHeapSize                          = 2147483648                             {manageable} {ergonomic}
     bool UseCompressedOops                        = true                           {product lp64_product} {ergonomic}
     bool UseG1GC                                  = true                                      {product} {ergonomic}
     bool UseLargePagesIndividualAllocation        = false                                  {pd product} {ergonomic}

Logging:
Log output configuration:
 #0: stdout all=warning uptime,level,tags foldmultilines=false
 #1: stderr all=off uptime,level,tags foldmultilines=false

Environment Variables:
JAVA_HOME=E:\
PATH=C:\Program Files\Common Files\Oracle\Java\javapath;C:\Windows\system32;C:\Windows;C:\Windows\System32\Wbem;C:\Windows\System32\WindowsPowerShell\v1.0\;C:\Windows\System32\OpenSSH\;C:\Program Files\Git\cmd;C:\Program Files\MySQL\MySQL Shell 8.0\bin\;C:\Users\LENOVO\AppData\Local\Microsoft\WindowsApps;C:\Users\LENOVO\AppData\Local\Programs\Microsoft VS Code\bin;E:\IntelliJ IDEA 2025.1.2\bin;
USERNAME=LENOVO
OS=Windows_NT
PROCESSOR_IDENTIFIER=Intel64 Family 6 Model 142 Stepping 10, GenuineIntel
TMP=C:\Users\LENOVO\AppData\Local\Temp
TEMP=C:\Users\LENOVO\AppData\Local\Temp




Periodic native trim disabled

JNI global refs:
JNI global refs: 17, weak refs: 0

JNI global refs memory usage: 835, weak refs: 833

Process memory usage:
Resident Set Size: 90936K (2% of 4101348K total physical memory with 256036K free physical memory)

OOME stack traces (most recent first):
Classloader memory used:
Loader bootstrap                                                                       : 10167K
Loader com.intellij.database.remote.jdbc.impl.JdbcClassLoader$JdbcClassLoaderImpl      : 2568K
Loader jdk.internal.loader.ClassLoaders$AppClassLoader                                 : 2492K
Loader jdk.internal.loader.ClassLoaders$PlatformClassLoader                            : 762K
Loader jdk.internal.reflect.DelegatingClassLoader                                      : 64920B
Loader com.intellij.database.remote.jdbc.impl.JdbcClassLoader$1                        : 7400B

---------------  S Y S T E M  ---------------

OS:
 Windows 10 , 64 bit Build 19041 (10.0.19041.1889)
OS uptime: 0 days 11:20 hours

CPU: total 4 (initial active 4) (2 cores per cpu, 2 threads per core) family 6 model 142 stepping 10 microcode 0xb4, cx8, cmov, fxsr, ht, mmx, 3dnowpref, sse, sse2, sse3, ssse3, sse4.1, sse4.2, popcnt, lzcnt, tsc, tscinvbit, avx, avx2, aes, erms, clmul, bmi1, bmi2, adx, fma, vzeroupper, clflush, clflushopt, rdtscp, f16c
Processor Information for the first 4 processors :
  Max Mhz: 2304, Current Mhz: 2304, Mhz Limit: 2304

Memory: 4k page, system-wide physical 4005M (251M free)
TotalPageFile size 13135M (AvailPageFile size 6M)
current process WorkingSet (physical memory assigned to process): 88M, peak: 92M
current process commit charge ("private bytes"): 233M, peak: 234M

vm_info: OpenJDK 64-Bit Server VM (21.0.7+9-b895.130) for windows-amd64 JRE (21.0.7+9-b895.130), built on 2025-05-13 by "builduser" with MS VC++ 16.10 / 16.11 (VS2019)

END.
