#
# There is insufficient memory for the Java Runtime Environment to continue.
# Native memory allocation (malloc) failed to allocate 910416 bytes. Error detail: Chunk::new
# Possible reasons:
#   The system is out of physical RAM or swap space
#   This process is running with CompressedOops enabled, and the Java Heap may be blocking the growth of the native heap
# Possible solutions:
#   Reduce memory load on the system
#   Increase physical memory or swap space
#   Check if swap backing store is full
#   Decrease Java heap size (-Xmx/-Xms)
#   Decrease number of Java threads
#   Decrease Java thread stack sizes (-Xss)
#   Set larger code cache with -XX:ReservedCodeCacheSize=
#   JVM is running with Unscaled Compressed Oops mode in which the Java heap is
#     placed in the first 4GB address space. The Java Heap base address is the
#     maximum limit for the native heap growth. Please use -XX:HeapBaseMinAddress
#     to set the Java Heap base and to place the Java Heap above 4GB virtual address.
# This output file may be truncated or incomplete.
#
#  Out of Memory Error (arena.cpp:168), pid=4396, tid=13504
#
# JRE version: OpenJDK Runtime Environment JBR-21.0.7+9-895.130-jcef (21.0.7+9) (build 21.0.7+9-b895.130)
# Java VM: OpenJDK 64-Bit Server VM JBR-21.0.7+9-895.130-jcef (21.0.7+9-b895.130, mixed mode, sharing, tiered, compressed oops, compressed class ptrs, g1 gc, windows-amd64)
# No core dump will be written. Minidumps are not enabled by default on client versions of Windows
#

---------------  S U M M A R Y ------------

Command Line: -Djava.rmi.server.hostname=127.0.0.1 -Duser.timezone=UTC -Xmx2048m -Xms128m -Djdbc.classpath=C:\Users\LENOVO\AppData\Local\Temp\RemoteDriver10.classpath.txt --add-exports=java.desktop/sun.awt=ALL-UNNAMED --add-exports=java.desktop/java.awt.peer=ALL-UNNAMED --add-opens=java.desktop/java.awt=ALL-UNNAMED --add-opens=jdk.unsupported/sun.misc=ALL-UNNAMED --add-opens=java.base/java.nio=ALL-UNNAMED --add-opens=java.base/java.util=ALL-UNNAMED -Dfile.encoding=UTF-8 -Dsun.stdout.encoding=UTF-8 -Dsun.stderr.encoding=UTF-8 com.intellij.database.remote.RemoteJdbcServer com.mysql.cj.jdbc.Driver

Host: Intel(R) Core(TM) i3-7020U CPU @ 2.30GHz, 4 cores, 3G,  Windows 10 , 64 bit Build 19041 (10.0.19041.1889)
Time: Mon Aug  4 11:26:45 2025 SE Asia Standard Time elapsed time: 348.066870 seconds (0d 0h 5m 48s)

---------------  T H R E A D  ---------------

Current thread (0x00000280d103c3a0):  JavaThread "C2 CompilerThread0" daemon [_thread_in_native, id=13504, stack(0x000000c336200000,0x000000c336300000) (1024K)]


Current CompileTask:
C2:348067 3443   !   4       java.io.ObjectOutputStream::writeObject0 (620 bytes)

Stack: [0x000000c336200000,0x000000c336300000]
Native frames: (J=compiled Java code, j=interpreted, Vv=VM code, C=native code)
V  [jvm.dll+0x6e6049]
V  [jvm.dll+0x8c4343]
V  [jvm.dll+0x8c689e]
V  [jvm.dll+0x8c6f83]
V  [jvm.dll+0x289266]
V  [jvm.dll+0xc675d]
V  [jvm.dll+0xc6c93]
V  [jvm.dll+0x2fee70]
V  [jvm.dll+0x60cb49]
V  [jvm.dll+0x259a22]
V  [jvm.dll+0x259ddf]
V  [jvm.dll+0x252585]
V  [jvm.dll+0x24fdde]
V  [jvm.dll+0x1cd734]
V  [jvm.dll+0x25f76c]
V  [jvm.dll+0x25dcb6]
V  [jvm.dll+0x3ffa86]
V  [jvm.dll+0x86bea8]
V  [jvm.dll+0x6e480d]
C  [ucrtbase.dll+0x21bb2]
C  [KERNEL32.DLL+0x17034]
C  [ntdll.dll+0x52651]


---------------  P R O C E S S  ---------------

Threads class SMR info:
_java_thread_list=0x00000280d18face0, length=21, elements={
0x00000280b710ee60, 0x00000280d10309f0, 0x00000280d1033550, 0x00000280d1033fa0,
0x00000280d1034c70, 0x00000280d10376d0, 0x00000280d1038120, 0x00000280d103c3a0,
0x00000280d1048e60, 0x00000280d12f8f60, 0x00000280d12f95c0, 0x00000280d14d09b0,
0x00000280d1660a80, 0x00000280d1663d80, 0x00000280d16643e0, 0x00000280d1669ba0,
0x00000280d16b8220, 0x00000280d16b8c90, 0x00000280d180c930, 0x00000280d180b580,
0x00000280d180bc10
}

Java Threads: ( => current thread )
  0x00000280b710ee60 JavaThread "main"                              [_thread_blocked, id=14292, stack(0x000000c335400000,0x000000c335500000) (1024K)]
  0x00000280d10309f0 JavaThread "Reference Handler"          daemon [_thread_blocked, id=1168, stack(0x000000c335c00000,0x000000c335d00000) (1024K)]
  0x00000280d1033550 JavaThread "Finalizer"                  daemon [_thread_blocked, id=1680, stack(0x000000c335d00000,0x000000c335e00000) (1024K)]
  0x00000280d1033fa0 JavaThread "Signal Dispatcher"          daemon [_thread_blocked, id=2272, stack(0x000000c335e00000,0x000000c335f00000) (1024K)]
  0x00000280d1034c70 JavaThread "Attach Listener"            daemon [_thread_blocked, id=13836, stack(0x000000c335f00000,0x000000c336000000) (1024K)]
  0x00000280d10376d0 JavaThread "Service Thread"             daemon [_thread_blocked, id=1044, stack(0x000000c336000000,0x000000c336100000) (1024K)]
  0x00000280d1038120 JavaThread "Monitor Deflation Thread"   daemon [_thread_blocked, id=15348, stack(0x000000c336100000,0x000000c336200000) (1024K)]
=>0x00000280d103c3a0 JavaThread "C2 CompilerThread0"         daemon [_thread_in_native, id=13504, stack(0x000000c336200000,0x000000c336300000) (1024K)]
  0x00000280d1048e60 JavaThread "C1 CompilerThread0"         daemon [_thread_blocked, id=13804, stack(0x000000c336300000,0x000000c336400000) (1024K)]
  0x00000280d12f8f60 JavaThread "Common-Cleaner"             daemon [_thread_blocked, id=2340, stack(0x000000c336400000,0x000000c336500000) (1024K)]
  0x00000280d12f95c0 JavaThread "Notification Thread"        daemon [_thread_blocked, id=9584, stack(0x000000c336500000,0x000000c336600000) (1024K)]
  0x00000280d14d09b0 JavaThread "mysql-cj-abandoned-connection-cleanup" daemon [_thread_blocked, id=14496, stack(0x000000c336700000,0x000000c336800000) (1024K)]
  0x00000280d1660a80 JavaThread "RMI TCP Accept-53791"       daemon [_thread_in_native, id=9724, stack(0x000000c336a00000,0x000000c336b00000) (1024K)]
  0x00000280d1663d80 JavaThread "RMI TCP Accept-0"           daemon [_thread_in_native, id=11608, stack(0x000000c336b00000,0x000000c336c00000) (1024K)]
  0x00000280d16643e0 JavaThread "RMI Reaper"                        [_thread_blocked, id=14300, stack(0x000000c336c00000,0x000000c336d00000) (1024K)]
  0x00000280d1669ba0 JavaThread "RMI GC Daemon"              daemon [_thread_blocked, id=10452, stack(0x000000c336d00000,0x000000c336e00000) (1024K)]
  0x00000280d16b8220 JavaThread "RMI TCP Connection(5)-127.0.0.1" daemon [_thread_in_native, id=2152, stack(0x000000c336e00000,0x000000c336f00000) (1024K)]
  0x00000280d16b8c90 JavaThread "RMI TCP Connection(2)-127.0.0.1" daemon [_thread_in_native, id=9800, stack(0x000000c336f00000,0x000000c337000000) (1024K)]
  0x00000280d180c930 JavaThread "RMI Scheduler(0)"           daemon [_thread_blocked, id=13536, stack(0x000000c337200000,0x000000c337300000) (1024K)]
  0x00000280d180b580 JavaThread "RMI RenewClean-[127.0.0.1:57029]" daemon [_thread_blocked, id=7688, stack(0x000000c337300000,0x000000c337400000) (1024K)]
  0x00000280d180bc10 JavaThread "RMI TCP Connection(6)-127.0.0.1" daemon [_thread_in_native, id=5296, stack(0x000000c335300000,0x000000c335400000) (1024K)]
Total: 21

Other Threads:
  0x00000280d1012cd0 VMThread "VM Thread"                           [id=2464, stack(0x000000c335b00000,0x000000c335c00000) (1024K)]
  0x00000280d10031d0 WatcherThread "VM Periodic Task Thread"        [id=11508, stack(0x000000c335a00000,0x000000c335b00000) (1024K)]
  0x00000280b936ff40 WorkerThread "GC Thread#0"                     [id=2352, stack(0x000000c335500000,0x000000c335600000) (1024K)]
  0x00000280d15f4930 WorkerThread "GC Thread#1"                     [id=14204, stack(0x000000c336600000,0x000000c336700000) (1024K)]
  0x00000280d15f4cd0 WorkerThread "GC Thread#2"                     [id=4000, stack(0x000000c336800000,0x000000c336900000) (1024K)]
  0x00000280d1542560 WorkerThread "GC Thread#3"                     [id=2228, stack(0x000000c336900000,0x000000c336a00000) (1024K)]
  0x00000280b9381ef0 ConcurrentGCThread "G1 Main Marker"            [id=14892, stack(0x000000c335600000,0x000000c335700000) (1024K)]
  0x00000280b93830a0 WorkerThread "G1 Conc#0"                       [id=3460, stack(0x000000c335700000,0x000000c335800000) (1024K)]
  0x00000280d0ec20b0 ConcurrentGCThread "G1 Refine#0"               [id=9352, stack(0x000000c335800000,0x000000c335900000) (1024K)]
  0x00000280b93ebb60 ConcurrentGCThread "G1 Service"                [id=6140, stack(0x000000c335900000,0x000000c335a00000) (1024K)]
Total: 10

Threads with active compile tasks:
C2 CompilerThread0  348411 3443   !   4       java.io.ObjectOutputStream::writeObject0 (620 bytes)
Total: 1

VM state: not at safepoint (normal execution)

VM Mutex/Monitor currently owned by a thread: None

Heap address: 0x0000000080000000, size: 2048 MB, Compressed Oops mode: 32-bit

CDS archive(s) mapped at: [0x00000280d2000000-0x00000280d2d10000-0x00000280d2d10000), size 13697024, SharedBaseAddress: 0x00000280d2000000, ArchiveRelocationMode: 1.
Compressed class space mapped at: 0x00000280d3000000-0x0000028113000000, reserved size: 1073741824
Narrow klass base: 0x00000280d2000000, Narrow klass shift: 0, Narrow klass range: 0x100000000

GC Precious Log:
 CardTable entry size: 512
 Card Set container configuration: InlinePtr #cards 5 size 8 Array Of Cards #cards 12 size 40 Howl #buckets 4 coarsen threshold 1843 Howl Bitmap #cards 512 size 80 coarsen threshold 460 Card regions per heap region 1 cards per card region 2048
 CPUs: 4 total, 4 available
 Memory: 4005M
 Large Page Support: Disabled
 NUMA Support: Disabled
 Compressed Oops: Enabled (32-bit)
 Heap Region Size: 1M
 Heap Min Capacity: 128M
 Heap Initial Capacity: 128M
 Heap Max Capacity: 2G
 Pre-touch: Disabled
 Parallel Workers: 4
 Concurrent Workers: 1
 Concurrent Refinement Workers: 4
 Periodic GC: Disabled

Heap:
 garbage-first heap   total 131072K, used 37276K [0x0000000080000000, 0x0000000100000000)
  region size 1024K, 29 young (29696K), 4 survivors (4096K)
 Metaspace       used 18778K, committed 19200K, reserved 1114112K
  class space    used 2096K, committed 2304K, reserved 1048576K

Heap Regions: E=young(eden), S=young(survivor), O=old, HS=humongous(starts), HC=humongous(continues), CS=collection set, F=free, TAMS=top-at-mark-start, PB=parsable bottom
|   0|0x0000000080000000, 0x0000000080100000, 0x0000000080100000|100%|HS|  |TAMS 0x0000000080000000| PB 0x0000000080000000| Complete 
|   1|0x0000000080100000, 0x0000000080200000, 0x0000000080200000|100%|HC|  |TAMS 0x0000000080100000| PB 0x0000000080100000| Complete 
|   2|0x0000000080200000, 0x0000000080300000, 0x0000000080300000|100%|HS|  |TAMS 0x0000000080200000| PB 0x0000000080200000| Complete 
|   3|0x0000000080300000, 0x0000000080400000, 0x0000000080400000|100%|HS|  |TAMS 0x0000000080300000| PB 0x0000000080300000| Complete 
|   4|0x0000000080400000, 0x0000000080500000, 0x0000000080500000|100%| O|  |TAMS 0x0000000080400000| PB 0x0000000080400000| Untracked 
|   5|0x0000000080500000, 0x0000000080600000, 0x0000000080600000|100%| O|  |TAMS 0x0000000080500000| PB 0x0000000080500000| Untracked 
|   6|0x0000000080600000, 0x0000000080700000, 0x0000000080700000|100%| O|  |TAMS 0x0000000080600000| PB 0x0000000080600000| Untracked 
|   7|0x0000000080700000, 0x0000000080800000, 0x0000000080800000|100%| O|  |TAMS 0x0000000080700000| PB 0x0000000080700000| Untracked 
|   8|0x0000000080800000, 0x0000000080867190, 0x0000000080900000| 40%| O|  |TAMS 0x0000000080800000| PB 0x0000000080800000| Untracked 
|   9|0x0000000080900000, 0x0000000080900000, 0x0000000080a00000|  0%| F|  |TAMS 0x0000000080900000| PB 0x0000000080900000| Untracked 
|  10|0x0000000080a00000, 0x0000000080a00000, 0x0000000080b00000|  0%| F|  |TAMS 0x0000000080a00000| PB 0x0000000080a00000| Untracked 
|  11|0x0000000080b00000, 0x0000000080b00000, 0x0000000080c00000|  0%| F|  |TAMS 0x0000000080b00000| PB 0x0000000080b00000| Untracked 
|  12|0x0000000080c00000, 0x0000000080c00000, 0x0000000080d00000|  0%| F|  |TAMS 0x0000000080c00000| PB 0x0000000080c00000| Untracked 
|  13|0x0000000080d00000, 0x0000000080d00000, 0x0000000080e00000|  0%| F|  |TAMS 0x0000000080d00000| PB 0x0000000080d00000| Untracked 
|  14|0x0000000080e00000, 0x0000000080e00000, 0x0000000080f00000|  0%| F|  |TAMS 0x0000000080e00000| PB 0x0000000080e00000| Untracked 
|  15|0x0000000080f00000, 0x0000000080f00000, 0x0000000081000000|  0%| F|  |TAMS 0x0000000080f00000| PB 0x0000000080f00000| Untracked 
|  16|0x0000000081000000, 0x0000000081000000, 0x0000000081100000|  0%| F|  |TAMS 0x0000000081000000| PB 0x0000000081000000| Untracked 
|  17|0x0000000081100000, 0x0000000081100000, 0x0000000081200000|  0%| F|  |TAMS 0x0000000081100000| PB 0x0000000081100000| Untracked 
|  18|0x0000000081200000, 0x0000000081200000, 0x0000000081300000|  0%| F|  |TAMS 0x0000000081200000| PB 0x0000000081200000| Untracked 
|  19|0x0000000081300000, 0x0000000081300000, 0x0000000081400000|  0%| F|  |TAMS 0x0000000081300000| PB 0x0000000081300000| Untracked 
|  20|0x0000000081400000, 0x0000000081400000, 0x0000000081500000|  0%| F|  |TAMS 0x0000000081400000| PB 0x0000000081400000| Untracked 
|  21|0x0000000081500000, 0x0000000081500000, 0x0000000081600000|  0%| F|  |TAMS 0x0000000081500000| PB 0x0000000081500000| Untracked 
|  22|0x0000000081600000, 0x0000000081600000, 0x0000000081700000|  0%| F|  |TAMS 0x0000000081600000| PB 0x0000000081600000| Untracked 
|  23|0x0000000081700000, 0x0000000081700000, 0x0000000081800000|  0%| F|  |TAMS 0x0000000081700000| PB 0x0000000081700000| Untracked 
|  24|0x0000000081800000, 0x0000000081800000, 0x0000000081900000|  0%| F|  |TAMS 0x0000000081800000| PB 0x0000000081800000| Untracked 
|  25|0x0000000081900000, 0x0000000081900000, 0x0000000081a00000|  0%| F|  |TAMS 0x0000000081900000| PB 0x0000000081900000| Untracked 
|  26|0x0000000081a00000, 0x0000000081a00000, 0x0000000081b00000|  0%| F|  |TAMS 0x0000000081a00000| PB 0x0000000081a00000| Untracked 
|  27|0x0000000081b00000, 0x0000000081b00000, 0x0000000081c00000|  0%| F|  |TAMS 0x0000000081b00000| PB 0x0000000081b00000| Untracked 
|  28|0x0000000081c00000, 0x0000000081c00000, 0x0000000081d00000|  0%| F|  |TAMS 0x0000000081c00000| PB 0x0000000081c00000| Untracked 
|  29|0x0000000081d00000, 0x0000000081d00000, 0x0000000081e00000|  0%| F|  |TAMS 0x0000000081d00000| PB 0x0000000081d00000| Untracked 
|  30|0x0000000081e00000, 0x0000000081e00000, 0x0000000081f00000|  0%| F|  |TAMS 0x0000000081e00000| PB 0x0000000081e00000| Untracked 
|  31|0x0000000081f00000, 0x0000000081f00000, 0x0000000082000000|  0%| F|  |TAMS 0x0000000081f00000| PB 0x0000000081f00000| Untracked 
|  32|0x0000000082000000, 0x0000000082000000, 0x0000000082100000|  0%| F|  |TAMS 0x0000000082000000| PB 0x0000000082000000| Untracked 
|  33|0x0000000082100000, 0x0000000082100000, 0x0000000082200000|  0%| F|  |TAMS 0x0000000082100000| PB 0x0000000082100000| Untracked 
|  34|0x0000000082200000, 0x0000000082200000, 0x0000000082300000|  0%| F|  |TAMS 0x0000000082200000| PB 0x0000000082200000| Untracked 
|  35|0x0000000082300000, 0x0000000082300000, 0x0000000082400000|  0%| F|  |TAMS 0x0000000082300000| PB 0x0000000082300000| Untracked 
|  36|0x0000000082400000, 0x0000000082400000, 0x0000000082500000|  0%| F|  |TAMS 0x0000000082400000| PB 0x0000000082400000| Untracked 
|  37|0x0000000082500000, 0x0000000082500000, 0x0000000082600000|  0%| F|  |TAMS 0x0000000082500000| PB 0x0000000082500000| Untracked 
|  38|0x0000000082600000, 0x0000000082600000, 0x0000000082700000|  0%| F|  |TAMS 0x0000000082600000| PB 0x0000000082600000| Untracked 
|  39|0x0000000082700000, 0x0000000082700000, 0x0000000082800000|  0%| F|  |TAMS 0x0000000082700000| PB 0x0000000082700000| Untracked 
|  40|0x0000000082800000, 0x0000000082800000, 0x0000000082900000|  0%| F|  |TAMS 0x0000000082800000| PB 0x0000000082800000| Untracked 
|  41|0x0000000082900000, 0x0000000082900000, 0x0000000082a00000|  0%| F|  |TAMS 0x0000000082900000| PB 0x0000000082900000| Untracked 
|  42|0x0000000082a00000, 0x0000000082a00000, 0x0000000082b00000|  0%| F|  |TAMS 0x0000000082a00000| PB 0x0000000082a00000| Untracked 
|  43|0x0000000082b00000, 0x0000000082b00000, 0x0000000082c00000|  0%| F|  |TAMS 0x0000000082b00000| PB 0x0000000082b00000| Untracked 
|  44|0x0000000082c00000, 0x0000000082c00000, 0x0000000082d00000|  0%| F|  |TAMS 0x0000000082c00000| PB 0x0000000082c00000| Untracked 
|  45|0x0000000082d00000, 0x0000000082d00000, 0x0000000082e00000|  0%| F|  |TAMS 0x0000000082d00000| PB 0x0000000082d00000| Untracked 
|  46|0x0000000082e00000, 0x0000000082e00000, 0x0000000082f00000|  0%| F|  |TAMS 0x0000000082e00000| PB 0x0000000082e00000| Untracked 
|  47|0x0000000082f00000, 0x0000000082f00000, 0x0000000083000000|  0%| F|  |TAMS 0x0000000082f00000| PB 0x0000000082f00000| Untracked 
|  48|0x0000000083000000, 0x0000000083000000, 0x0000000083100000|  0%| F|  |TAMS 0x0000000083000000| PB 0x0000000083000000| Untracked 
|  49|0x0000000083100000, 0x0000000083100000, 0x0000000083200000|  0%| F|  |TAMS 0x0000000083100000| PB 0x0000000083100000| Untracked 
|  50|0x0000000083200000, 0x0000000083200000, 0x0000000083300000|  0%| F|  |TAMS 0x0000000083200000| PB 0x0000000083200000| Untracked 
|  51|0x0000000083300000, 0x0000000083300000, 0x0000000083400000|  0%| F|  |TAMS 0x0000000083300000| PB 0x0000000083300000| Untracked 
|  52|0x0000000083400000, 0x0000000083400000, 0x0000000083500000|  0%| F|  |TAMS 0x0000000083400000| PB 0x0000000083400000| Untracked 
|  53|0x0000000083500000, 0x0000000083500000, 0x0000000083600000|  0%| F|  |TAMS 0x0000000083500000| PB 0x0000000083500000| Untracked 
|  54|0x0000000083600000, 0x0000000083600000, 0x0000000083700000|  0%| F|  |TAMS 0x0000000083600000| PB 0x0000000083600000| Untracked 
|  55|0x0000000083700000, 0x0000000083700000, 0x0000000083800000|  0%| F|  |TAMS 0x0000000083700000| PB 0x0000000083700000| Untracked 
|  56|0x0000000083800000, 0x0000000083800000, 0x0000000083900000|  0%| F|  |TAMS 0x0000000083800000| PB 0x0000000083800000| Untracked 
|  57|0x0000000083900000, 0x0000000083900000, 0x0000000083a00000|  0%| F|  |TAMS 0x0000000083900000| PB 0x0000000083900000| Untracked 
|  58|0x0000000083a00000, 0x0000000083a00000, 0x0000000083b00000|  0%| F|  |TAMS 0x0000000083a00000| PB 0x0000000083a00000| Untracked 
|  59|0x0000000083b00000, 0x0000000083b00000, 0x0000000083c00000|  0%| F|  |TAMS 0x0000000083b00000| PB 0x0000000083b00000| Untracked 
|  60|0x0000000083c00000, 0x0000000083c00000, 0x0000000083d00000|  0%| F|  |TAMS 0x0000000083c00000| PB 0x0000000083c00000| Untracked 
|  61|0x0000000083d00000, 0x0000000083d00000, 0x0000000083e00000|  0%| F|  |TAMS 0x0000000083d00000| PB 0x0000000083d00000| Untracked 
|  62|0x0000000083e00000, 0x0000000083e00000, 0x0000000083f00000|  0%| F|  |TAMS 0x0000000083e00000| PB 0x0000000083e00000| Untracked 
|  63|0x0000000083f00000, 0x0000000083f00000, 0x0000000084000000|  0%| F|  |TAMS 0x0000000083f00000| PB 0x0000000083f00000| Untracked 
|  64|0x0000000084000000, 0x0000000084000000, 0x0000000084100000|  0%| F|  |TAMS 0x0000000084000000| PB 0x0000000084000000| Untracked 
|  65|0x0000000084100000, 0x0000000084100000, 0x0000000084200000|  0%| F|  |TAMS 0x0000000084100000| PB 0x0000000084100000| Untracked 
|  66|0x0000000084200000, 0x0000000084200000, 0x0000000084300000|  0%| F|  |TAMS 0x0000000084200000| PB 0x0000000084200000| Untracked 
|  67|0x0000000084300000, 0x0000000084300000, 0x0000000084400000|  0%| F|  |TAMS 0x0000000084300000| PB 0x0000000084300000| Untracked 
|  68|0x0000000084400000, 0x0000000084400000, 0x0000000084500000|  0%| F|  |TAMS 0x0000000084400000| PB 0x0000000084400000| Untracked 
|  69|0x0000000084500000, 0x0000000084500000, 0x0000000084600000|  0%| F|  |TAMS 0x0000000084500000| PB 0x0000000084500000| Untracked 
|  70|0x0000000084600000, 0x0000000084600000, 0x0000000084700000|  0%| F|  |TAMS 0x0000000084600000| PB 0x0000000084600000| Untracked 
|  71|0x0000000084700000, 0x0000000084700000, 0x0000000084800000|  0%| F|  |TAMS 0x0000000084700000| PB 0x0000000084700000| Untracked 
|  72|0x0000000084800000, 0x0000000084800000, 0x0000000084900000|  0%| F|  |TAMS 0x0000000084800000| PB 0x0000000084800000| Untracked 
|  73|0x0000000084900000, 0x0000000084900000, 0x0000000084a00000|  0%| F|  |TAMS 0x0000000084900000| PB 0x0000000084900000| Untracked 
|  74|0x0000000084a00000, 0x0000000084a00000, 0x0000000084b00000|  0%| F|  |TAMS 0x0000000084a00000| PB 0x0000000084a00000| Untracked 
|  75|0x0000000084b00000, 0x0000000084b00000, 0x0000000084c00000|  0%| F|  |TAMS 0x0000000084b00000| PB 0x0000000084b00000| Untracked 
|  76|0x0000000084c00000, 0x0000000084c00000, 0x0000000084d00000|  0%| F|  |TAMS 0x0000000084c00000| PB 0x0000000084c00000| Untracked 
|  77|0x0000000084d00000, 0x0000000084d00000, 0x0000000084e00000|  0%| F|  |TAMS 0x0000000084d00000| PB 0x0000000084d00000| Untracked 
|  78|0x0000000084e00000, 0x0000000084e00000, 0x0000000084f00000|  0%| F|  |TAMS 0x0000000084e00000| PB 0x0000000084e00000| Untracked 
|  79|0x0000000084f00000, 0x0000000084f00000, 0x0000000085000000|  0%| F|  |TAMS 0x0000000084f00000| PB 0x0000000084f00000| Untracked 
|  80|0x0000000085000000, 0x0000000085000000, 0x0000000085100000|  0%| F|  |TAMS 0x0000000085000000| PB 0x0000000085000000| Untracked 
|  81|0x0000000085100000, 0x0000000085100000, 0x0000000085200000|  0%| F|  |TAMS 0x0000000085100000| PB 0x0000000085100000| Untracked 
|  82|0x0000000085200000, 0x0000000085200000, 0x0000000085300000|  0%| F|  |TAMS 0x0000000085200000| PB 0x0000000085200000| Untracked 
|  83|0x0000000085300000, 0x0000000085300000, 0x0000000085400000|  0%| F|  |TAMS 0x0000000085300000| PB 0x0000000085300000| Untracked 
|  84|0x0000000085400000, 0x0000000085400000, 0x0000000085500000|  0%| F|  |TAMS 0x0000000085400000| PB 0x0000000085400000| Untracked 
|  85|0x0000000085500000, 0x0000000085500000, 0x0000000085600000|  0%| F|  |TAMS 0x0000000085500000| PB 0x0000000085500000| Untracked 
|  86|0x0000000085600000, 0x0000000085600000, 0x0000000085700000|  0%| F|  |TAMS 0x0000000085600000| PB 0x0000000085600000| Untracked 
|  87|0x0000000085700000, 0x0000000085700000, 0x0000000085800000|  0%| F|  |TAMS 0x0000000085700000| PB 0x0000000085700000| Untracked 
|  88|0x0000000085800000, 0x0000000085800000, 0x0000000085900000|  0%| F|  |TAMS 0x0000000085800000| PB 0x0000000085800000| Untracked 
|  89|0x0000000085900000, 0x0000000085900000, 0x0000000085a00000|  0%| F|  |TAMS 0x0000000085900000| PB 0x0000000085900000| Untracked 
|  90|0x0000000085a00000, 0x0000000085a00000, 0x0000000085b00000|  0%| F|  |TAMS 0x0000000085a00000| PB 0x0000000085a00000| Untracked 
|  91|0x0000000085b00000, 0x0000000085b00000, 0x0000000085c00000|  0%| F|  |TAMS 0x0000000085b00000| PB 0x0000000085b00000| Untracked 
|  92|0x0000000085c00000, 0x0000000085c00000, 0x0000000085d00000|  0%| F|  |TAMS 0x0000000085c00000| PB 0x0000000085c00000| Untracked 
|  93|0x0000000085d00000, 0x0000000085d00000, 0x0000000085e00000|  0%| F|  |TAMS 0x0000000085d00000| PB 0x0000000085d00000| Untracked 
|  94|0x0000000085e00000, 0x0000000085e00000, 0x0000000085f00000|  0%| F|  |TAMS 0x0000000085e00000| PB 0x0000000085e00000| Untracked 
|  95|0x0000000085f00000, 0x0000000085f00000, 0x0000000086000000|  0%| F|  |TAMS 0x0000000085f00000| PB 0x0000000085f00000| Untracked 
|  96|0x0000000086000000, 0x0000000086000000, 0x0000000086100000|  0%| F|  |TAMS 0x0000000086000000| PB 0x0000000086000000| Untracked 
|  97|0x0000000086100000, 0x0000000086100000, 0x0000000086200000|  0%| F|  |TAMS 0x0000000086100000| PB 0x0000000086100000| Untracked 
|  98|0x0000000086200000, 0x0000000086300000, 0x0000000086300000|100%| S|CS|TAMS 0x0000000086200000| PB 0x0000000086200000| Complete 
|  99|0x0000000086300000, 0x0000000086400000, 0x0000000086400000|100%| S|CS|TAMS 0x0000000086300000| PB 0x0000000086300000| Complete 
| 100|0x0000000086400000, 0x0000000086500000, 0x0000000086500000|100%| S|CS|TAMS 0x0000000086400000| PB 0x0000000086400000| Complete 
| 101|0x0000000086500000, 0x0000000086600000, 0x0000000086600000|100%| S|CS|TAMS 0x0000000086500000| PB 0x0000000086500000| Complete 
| 102|0x0000000086600000, 0x0000000086600000, 0x0000000086700000|  0%| F|  |TAMS 0x0000000086600000| PB 0x0000000086600000| Untracked 
| 103|0x0000000086700000, 0x00000000867d06a0, 0x0000000086800000| 81%| E|  |TAMS 0x0000000086700000| PB 0x0000000086700000| Complete 
| 104|0x0000000086800000, 0x0000000086900000, 0x0000000086900000|100%| E|CS|TAMS 0x0000000086800000| PB 0x0000000086800000| Complete 
| 105|0x0000000086900000, 0x0000000086a00000, 0x0000000086a00000|100%| E|CS|TAMS 0x0000000086900000| PB 0x0000000086900000| Complete 
| 106|0x0000000086a00000, 0x0000000086b00000, 0x0000000086b00000|100%| E|CS|TAMS 0x0000000086a00000| PB 0x0000000086a00000| Complete 
| 107|0x0000000086b00000, 0x0000000086c00000, 0x0000000086c00000|100%| E|CS|TAMS 0x0000000086b00000| PB 0x0000000086b00000| Complete 
| 108|0x0000000086c00000, 0x0000000086d00000, 0x0000000086d00000|100%| E|CS|TAMS 0x0000000086c00000| PB 0x0000000086c00000| Complete 
| 109|0x0000000086d00000, 0x0000000086e00000, 0x0000000086e00000|100%| E|CS|TAMS 0x0000000086d00000| PB 0x0000000086d00000| Complete 
| 110|0x0000000086e00000, 0x0000000086f00000, 0x0000000086f00000|100%| E|CS|TAMS 0x0000000086e00000| PB 0x0000000086e00000| Complete 
| 111|0x0000000086f00000, 0x0000000087000000, 0x0000000087000000|100%| E|CS|TAMS 0x0000000086f00000| PB 0x0000000086f00000| Complete 
| 112|0x0000000087000000, 0x0000000087100000, 0x0000000087100000|100%| E|CS|TAMS 0x0000000087000000| PB 0x0000000087000000| Complete 
| 113|0x0000000087100000, 0x0000000087200000, 0x0000000087200000|100%| E|CS|TAMS 0x0000000087100000| PB 0x0000000087100000| Complete 
| 114|0x0000000087200000, 0x0000000087300000, 0x0000000087300000|100%| E|CS|TAMS 0x0000000087200000| PB 0x0000000087200000| Complete 
| 115|0x0000000087300000, 0x0000000087400000, 0x0000000087400000|100%| E|CS|TAMS 0x0000000087300000| PB 0x0000000087300000| Complete 
| 116|0x0000000087400000, 0x0000000087500000, 0x0000000087500000|100%| E|CS|TAMS 0x0000000087400000| PB 0x0000000087400000| Complete 
| 117|0x0000000087500000, 0x0000000087600000, 0x0000000087600000|100%| E|CS|TAMS 0x0000000087500000| PB 0x0000000087500000| Complete 
| 118|0x0000000087600000, 0x0000000087700000, 0x0000000087700000|100%| E|CS|TAMS 0x0000000087600000| PB 0x0000000087600000| Complete 
| 119|0x0000000087700000, 0x0000000087800000, 0x0000000087800000|100%| E|CS|TAMS 0x0000000087700000| PB 0x0000000087700000| Complete 
| 120|0x0000000087800000, 0x0000000087900000, 0x0000000087900000|100%| E|CS|TAMS 0x0000000087800000| PB 0x0000000087800000| Complete 
| 121|0x0000000087900000, 0x0000000087a00000, 0x0000000087a00000|100%| E|CS|TAMS 0x0000000087900000| PB 0x0000000087900000| Complete 
| 122|0x0000000087a00000, 0x0000000087b00000, 0x0000000087b00000|100%| E|CS|TAMS 0x0000000087a00000| PB 0x0000000087a00000| Complete 
| 123|0x0000000087b00000, 0x0000000087c00000, 0x0000000087c00000|100%| E|CS|TAMS 0x0000000087b00000| PB 0x0000000087b00000| Complete 
| 124|0x0000000087c00000, 0x0000000087d00000, 0x0000000087d00000|100%| E|CS|TAMS 0x0000000087c00000| PB 0x0000000087c00000| Complete 
| 125|0x0000000087d00000, 0x0000000087e00000, 0x0000000087e00000|100%| E|CS|TAMS 0x0000000087d00000| PB 0x0000000087d00000| Complete 
| 126|0x0000000087e00000, 0x0000000087f00000, 0x0000000087f00000|100%| E|CS|TAMS 0x0000000087e00000| PB 0x0000000087e00000| Complete 
| 127|0x0000000087f00000, 0x0000000088000000, 0x0000000088000000|100%| E|CS|TAMS 0x0000000087f00000| PB 0x0000000087f00000| Complete 

Card table byte_map: [0x00000280cc770000,0x00000280ccb70000] _byte_map_base: 0x00000280cc370000

Marking Bits: (CMBitMap*) 0x00000280b9370450
 Bits: [0x00000280ccb70000, 0x00000280ceb70000)

Polling page: 0x00000280b70c0000

Metaspace:

Usage:
  Non-class:     16.29 MB used.
      Class:      2.05 MB used.
       Both:     18.34 MB used.

Virtual space:
  Non-class space:       64.00 MB reserved,      16.50 MB ( 26%) committed,  1 nodes.
      Class space:        1.00 GB reserved,       2.25 MB ( <1%) committed,  1 nodes.
             Both:        1.06 GB reserved,      18.75 MB (  2%) committed. 

Chunk freelists:
   Non-Class:  15.45 MB
       Class:  13.77 MB
        Both:  29.22 MB

MaxMetaspaceSize: unlimited
CompressedClassSpaceSize: 1.00 GB
Initial GC threshold: 21.00 MB
Current GC threshold: 21.00 MB
CDS: on
 - commit_granule_bytes: 65536.
 - commit_granule_words: 8192.
 - virtual_space_node_default_size: 8388608.
 - enlarge_chunks_in_place: 1.
 - use_allocation_guard: 0.


Internal statistics:

num_allocs_failed_limit: 0.
num_arena_births: 640.
num_arena_deaths: 0.
num_vsnodes_births: 2.
num_vsnodes_deaths: 0.
num_space_committed: 300.
num_space_uncommitted: 0.
num_chunks_returned_to_freelist: 0.
num_chunks_taken_from_freelist: 1181.
num_chunk_merges: 0.
num_chunk_splits: 708.
num_chunks_enlarged: 310.
num_inconsistent_stats: 0.

CodeHeap 'non-profiled nmethods': size=120000Kb used=1449Kb max_used=1449Kb free=118550Kb
 bounds [0x00000280c4e40000, 0x00000280c50b0000, 0x00000280cc370000]
CodeHeap 'profiled nmethods': size=120000Kb used=7170Kb max_used=7170Kb free=112829Kb
 bounds [0x00000280bd370000, 0x00000280bda80000, 0x00000280c48a0000]
CodeHeap 'non-nmethods': size=5760Kb used=1527Kb max_used=1601Kb free=4232Kb
 bounds [0x00000280c48a0000, 0x00000280c4b10000, 0x00000280c4e40000]
 total_blobs=4096 nmethods=3504 adapters=495
 compilation: enabled
              stopped_count=0, restarted_count=0
 full_count=0

Compilation events (20 events):
Event: 347.952 Thread 0x00000280d1048e60 3474       3       com.mysql.cj.protocol.result.AbstractResultsetRow::<init> (10 bytes)
Event: 347.953 Thread 0x00000280d1048e60 nmethod 3474 0x00000280bda5f490 code [0x00000280bda5f640, 0x00000280bda5f7f8]
Event: 347.953 Thread 0x00000280d1048e60 3476       3       com.mysql.cj.protocol.a.result.ResultsetRowsStreaming::isBeforeFirst (13 bytes)
Event: 347.953 Thread 0x00000280d1048e60 nmethod 3476 0x00000280bda5f890 code [0x00000280bda5fa20, 0x00000280bda5fb80]
Event: 347.953 Thread 0x00000280d1048e60 3477   !   3       com.mysql.cj.jdbc.result.ResultSetImpl::next (110 bytes)
Event: 347.955 Thread 0x00000280d1048e60 nmethod 3477 0x00000280bda5fc10 code [0x00000280bda5fec0, 0x00000280bda60cd0]
Event: 347.955 Thread 0x00000280d1048e60 3470       1       com.mysql.cj.protocol.result.AbstractResultsetRow::wasNull (5 bytes)
Event: 347.955 Thread 0x00000280d1048e60 nmethod 3470 0x00000280c4fa9310 code [0x00000280c4fa94a0, 0x00000280c4fa9570]
Event: 347.955 Thread 0x00000280d1048e60 3479  s    1       com.mysql.cj.protocol.a.result.NativeResultset::getNextResultset (5 bytes)
Event: 347.956 Thread 0x00000280d1048e60 nmethod 3479 0x00000280c4fa9610 code [0x00000280c4fa97a0, 0x00000280c4fa9928]
Event: 347.971 Thread 0x00000280d1048e60 3481       3       java.lang.String::toCharArray (25 bytes)
Event: 347.972 Thread 0x00000280d1048e60 nmethod 3481 0x00000280bda61310 code [0x00000280bda614e0, 0x00000280bda61778]
Event: 347.972 Thread 0x00000280d1048e60 3482       3       java.lang.StringLatin1::toChars (16 bytes)
Event: 347.972 Thread 0x00000280d1048e60 nmethod 3482 0x00000280bda61890 code [0x00000280bda61a40, 0x00000280bda61c20]
Event: 347.999 Thread 0x00000280d1048e60 3483       1       com.mysql.cj.MysqlType::getJdbcType (5 bytes)
Event: 348.000 Thread 0x00000280d1048e60 nmethod 3483 0x00000280c4fa9990 code [0x00000280c4fa9b20, 0x00000280c4fa9be8]
Event: 348.000 Thread 0x00000280d1048e60 3484       3       com.mysql.cj.protocol.a.MysqlTextValueDecoder::getLong (324 bytes)
Event: 348.002 Thread 0x00000280d1048e60 nmethod 3484 0x00000280bda61d10 code [0x00000280bda62080, 0x00000280bda63760]
Event: 348.009 Thread 0x00000280d1048e60 3485  s    3       sun.rmi.transport.DGCAckHandler::startTimer (41 bytes)
Event: 348.009 Thread 0x00000280d1048e60 nmethod 3485 0x00000280bda63f90 code [0x00000280bda64160, 0x00000280bda645d0]

GC Heap History (6 events):
Event: 3.762 GC heap before
{Heap before GC invocations=0 (full 0):
 garbage-first heap   total 131072K, used 17408K [0x0000000080000000, 0x0000000100000000)
  region size 1024K, 13 young (13312K), 0 survivors (0K)
 Metaspace       used 4115K, committed 4288K, reserved 1114112K
  class space    used 523K, committed 576K, reserved 1048576K
}
Event: 3.784 GC heap after
{Heap after GC invocations=1 (full 0):
 garbage-first heap   total 131072K, used 8170K [0x0000000080000000, 0x0000000100000000)
  region size 1024K, 2 young (2048K), 2 survivors (2048K)
 Metaspace       used 4115K, committed 4288K, reserved 1114112K
  class space    used 523K, committed 576K, reserved 1048576K
}
Event: 6.784 GC heap before
{Heap before GC invocations=1 (full 0):
 garbage-first heap   total 131072K, used 19434K [0x0000000080000000, 0x0000000100000000)
  region size 1024K, 14 young (14336K), 2 survivors (2048K)
 Metaspace       used 9700K, committed 10048K, reserved 1114112K
  class space    used 1175K, committed 1344K, reserved 1048576K
}
Event: 6.792 GC heap after
{Heap after GC invocations=2 (full 0):
 garbage-first heap   total 131072K, used 10010K [0x0000000080000000, 0x0000000100000000)
  region size 1024K, 2 young (2048K), 2 survivors (2048K)
 Metaspace       used 9700K, committed 10048K, reserved 1114112K
  class space    used 1175K, committed 1344K, reserved 1048576K
}
Event: 40.041 GC heap before
{Heap before GC invocations=2 (full 0):
 garbage-first heap   total 131072K, used 34586K [0x0000000080000000, 0x0000000100000000)
  region size 1024K, 26 young (26624K), 2 survivors (2048K)
 Metaspace       used 18125K, committed 18624K, reserved 1114112K
  class space    used 2069K, committed 2304K, reserved 1048576K
}
Event: 40.093 GC heap after
{Heap after GC invocations=3 (full 0):
 garbage-first heap   total 131072K, used 12700K [0x0000000080000000, 0x0000000100000000)
  region size 1024K, 4 young (4096K), 4 survivors (4096K)
 Metaspace       used 18125K, committed 18624K, reserved 1114112K
  class space    used 2069K, committed 2304K, reserved 1048576K
}

Dll operation events (2 events):
Event: 0.135 Loaded shared library E:\IntelliJ IDEA 2025.1.2\jbr\bin\java.dll
Event: 0.548 Loaded shared library E:\IntelliJ IDEA 2025.1.2\jbr\bin\zip.dll

Deoptimization events (20 events):
Event: 231.196 Thread 0x00000280d16b8220 Uncommon trap: trap_request=0xffffff3d fr.pc=0x00000280c4f3aebc relative=0x000000000000045c
Event: 231.196 Thread 0x00000280d16b8220 Uncommon trap: reason=unstable_fused_if action=reinterpret pc=0x00000280c4f3aebc method=java.io.ObjectOutputStream$BlockDataOutputStream.getUTFLength(Ljava/lang/String;)J @ 66 c2
Event: 231.196 Thread 0x00000280d16b8220 DEOPT PACKING pc=0x00000280c4f3aebc sp=0x000000c336efdb80
Event: 231.196 Thread 0x00000280d16b8220 DEOPT UNPACKING pc=0x00000280c48f46a2 sp=0x000000c336efdb30 mode 2
Event: 346.024 Thread 0x00000280d16b8220 DEOPT PACKING pc=0x00000280bd9772c9 sp=0x000000c336efdda0
Event: 346.025 Thread 0x00000280d16b8220 DEOPT UNPACKING pc=0x00000280c48f4e42 sp=0x000000c336efd210 mode 0
Event: 346.950 Thread 0x00000280d16b8220 DEOPT PACKING pc=0x00000280bd7e67be sp=0x000000c336efcfe0
Event: 346.950 Thread 0x00000280d16b8220 DEOPT UNPACKING pc=0x00000280c48f4e42 sp=0x000000c336efc4a0 mode 0
Event: 347.682 Thread 0x00000280d16b8220 DEOPT PACKING pc=0x00000280bd9772c9 sp=0x000000c336efdcb0
Event: 347.682 Thread 0x00000280d16b8220 DEOPT UNPACKING pc=0x00000280c48f4e42 sp=0x000000c336efd120 mode 0
Event: 347.920 Thread 0x00000280d16b8220 Uncommon trap: trap_request=0xffffff45 fr.pc=0x00000280c4f9c29c relative=0x00000000000001dc
Event: 347.920 Thread 0x00000280d16b8220 Uncommon trap: reason=unstable_if action=reinterpret pc=0x00000280c4f9c29c method=com.sun.crypto.provider.CounterMode.increment([B)V @ 18 c2
Event: 347.920 Thread 0x00000280d16b8220 DEOPT PACKING pc=0x00000280c4f9c29c sp=0x000000c336efcf20
Event: 347.920 Thread 0x00000280d16b8220 DEOPT UNPACKING pc=0x00000280c48f46a2 sp=0x000000c336efce70 mode 2
Event: 347.943 Thread 0x00000280d16b8220 DEOPT PACKING pc=0x00000280bd9772c9 sp=0x000000c336efdb90
Event: 347.943 Thread 0x00000280d16b8220 DEOPT UNPACKING pc=0x00000280c48f4e42 sp=0x000000c336efd000 mode 0
Event: 347.945 Thread 0x00000280d16b8220 Uncommon trap: trap_request=0xffffff45 fr.pc=0x00000280c4f59b84 relative=0x00000000000005c4
Event: 347.945 Thread 0x00000280d16b8220 Uncommon trap: reason=unstable_if action=reinterpret pc=0x00000280c4f59b84 method=java.io.BufferedOutputStream.growIfNeeded(I)V @ 24 c2
Event: 347.945 Thread 0x00000280d16b8220 DEOPT PACKING pc=0x00000280c4f59b84 sp=0x000000c336efdea0
Event: 347.945 Thread 0x00000280d16b8220 DEOPT UNPACKING pc=0x00000280c48f46a2 sp=0x000000c336efdcf0 mode 2

Classes loaded (20 events):
Event: 10.501 Loading class java/util/regex/Pattern$Pos
Event: 10.501 Loading class java/util/regex/Pattern$Pos done
Event: 11.539 Loading class sun/security/ssl/Alert
Event: 11.539 Loading class sun/security/ssl/Alert done
Event: 11.540 Loading class sun/security/ssl/Alert$AlertConsumer
Event: 11.540 Loading class sun/security/ssl/Alert$AlertConsumer done
Event: 11.541 Loading class sun/security/ssl/Alert$Level
Event: 11.541 Loading class sun/security/ssl/Alert$Level done
Event: 21.125 Loading class java/util/ArrayList$ListItr
Event: 21.186 Loading class java/util/ArrayList$ListItr done
Event: 40.095 Loading class sun/rmi/transport/DGCClient$EndpointEntry$CleanRequest
Event: 40.099 Loading class sun/rmi/transport/DGCClient$EndpointEntry$CleanRequest done
Event: 40.534 Loading class java/io/InterruptedIOException
Event: 40.546 Loading class java/io/InterruptedIOException done
Event: 40.558 Loading class java/lang/StackTraceElement$HashedModules
Event: 40.583 Loading class java/lang/StackTraceElement$HashedModules done
Event: 230.565 Loading class java/util/RegularEnumSet$EnumSetIterator
Event: 230.598 Loading class java/util/RegularEnumSet$EnumSetIterator done
Event: 231.177 Loading class java/util/DualPivotQuicksort
Event: 231.189 Loading class java/util/DualPivotQuicksort done

Classes unloaded (0 events):
No events

Classes redefined (0 events):
No events

Internal exceptions (20 events):
Event: 10.504 Thread 0x00000280d180bc10 Exception <a 'java/lang/NoSuchMethodError'{0x0000000086c5f2d0}: static Lcom/intellij/database/remote/jdba/core/ConnectionInfo;.<clinit>()V> (0x0000000086c5f2d0) 
thrown [s\src\hotspot\share\prims\jni.cpp, line 1139]
Event: 10.505 Thread 0x00000280d180bc10 Exception <a 'java/lang/NoSuchMethodError'{0x0000000086c69e28}: static Ljava/lang/Object;.<clinit>()V> (0x0000000086c69e28) 
thrown [s\src\hotspot\share\prims\jni.cpp, line 1139]
Event: 10.506 Thread 0x00000280d180bc10 Exception <a 'java/lang/NoSuchMethodError'{0x0000000086c6e408}: static [I.<clinit>()V> (0x0000000086c6e408) 
thrown [s\src\hotspot\share\prims\jni.cpp, line 1139]
Event: 10.536 Thread 0x00000280d180bc10 Exception <a 'java/lang/NoSuchMethodError'{0x0000000086c92aa0}: 'java.lang.Object java.lang.invoke.DirectMethodHandle$Holder.invokeInterface(java.lang.Object, java.lang.Object, java.lang.Object, java.lang.Object)'> (0x0000000086c92aa0) 
thrown [s\src\hotspot\share\interpreter\linkResolver.cpp, line 784]
Event: 10.602 Thread 0x00000280d180bc10 Exception <a 'java/lang/NoSuchMethodError'{0x0000000086b99f40}: static Lcom/intellij/database/remote/jdba/core/ResultLayout;.<clinit>()V> (0x0000000086b99f40) 
thrown [s\src\hotspot\share\prims\jni.cpp, line 1139]
Event: 10.604 Thread 0x00000280d180bc10 Exception <a 'java/lang/NoSuchMethodError'{0x0000000086ba7348}: static Lcom/intellij/database/remote/jdba/core/RowLayout;.<clinit>()V> (0x0000000086ba7348) 
thrown [s\src\hotspot\share\prims\jni.cpp, line 1139]
Event: 10.606 Thread 0x00000280d180bc10 Exception <a 'java/lang/NoSuchMethodError'{0x0000000086bb2df0}: static Lcom/intellij/database/remote/jdba/util/NameAndClass;.<clinit>()V> (0x0000000086bb2df0) 
thrown [s\src\hotspot\share\prims\jni.cpp, line 1139]
Event: 10.607 Thread 0x00000280d180bc10 Exception <a 'java/lang/NoSuchMethodError'{0x0000000086bb5b00}: 'java.lang.Object java.lang.invoke.DirectMethodHandle$Holder.invokeInterface(java.lang.Object, java.lang.Object, int, java.lang.Object)'> (0x0000000086bb5b00) 
thrown [s\src\hotspot\share\interpreter\linkResolver.cpp, line 784]
Event: 10.608 Thread 0x00000280d180bc10 Exception <a 'java/lang/NoSuchMethodError'{0x0000000086bb9ca0}: 'java.lang.Object java.lang.invoke.DirectMethodHandle$Holder.invokeSpecial(java.lang.Object, java.lang.Object, java.lang.Object, int, java.lang.Object)'> (0x0000000086bb9ca0) 
thrown [s\src\hotspot\share\interpreter\linkResolver.cpp, line 784]
Event: 10.748 Thread 0x00000280d180bc10 Exception <a 'java/lang/NoSuchMethodError'{0x0000000086a6f458}: static [Ljava/lang/String;.<clinit>()V> (0x0000000086a6f458) 
thrown [s\src\hotspot\share\prims\jni.cpp, line 1139]
Event: 40.039 Thread 0x00000280d180bc10 Exception <a 'java/lang/NoSuchMethodError'{0x00000000866fd9b8}: static [Ljava/lang/Object;.<clinit>()V> (0x00000000866fd9b8) 
thrown [s\src\hotspot\share\prims\jni.cpp, line 1139]
Event: 40.100 Thread 0x00000280d180b580 Implicit null exception at 0x00000280c4f530eb to 0x00000280c4f53194
Event: 40.100 Thread 0x00000280d180b580 Implicit null exception at 0x00000280c4f52c00 to 0x00000280c4f52cc0
Event: 40.534 Thread 0x00000280d16b8220 Exception <a 'java/io/IOException'{0x0000000087db0dd8}> (0x0000000087db0dd8) 
thrown [s\src\hotspot\share\prims\jni.cpp, line 535]
Event: 209.280 Thread 0x00000280d16b8220 Exception <a 'java/lang/NoSuchMethodError'{0x0000000087ab69c0}: 'int java.lang.invoke.DirectMethodHandle$Holder.invokeInterface(java.lang.Object, java.lang.Object, int, int)'> (0x0000000087ab69c0) 
thrown [s\src\hotspot\share\interpreter\linkResolver.cpp, line 784]
Event: 209.312 Thread 0x00000280d16b8220 Exception <a 'java/lang/NoSuchMethodError'{0x0000000087abdca0}: 'int java.lang.invoke.DelegatingMethodHandle$Holder.reinvoke_L(java.lang.Object, java.lang.Object, int, int)'> (0x0000000087abdca0) 
thrown [s\src\hotspot\share\interpreter\linkResolver.cpp, line 784]
Event: 209.351 Thread 0x00000280d16b8220 Exception <a 'java/lang/NoSuchMethodError'{0x0000000087ad4cc8}: static Lcom/intellij/database/remote/jdbc/RemoteResultSet$DataRetrievingOptions;.<clinit>()V> (0x0000000087ad4cc8) 
thrown [s\src\hotspot\share\prims\jni.cpp, line 1139]
Event: 230.706 Thread 0x00000280d16b8220 Exception <a 'java/lang/NoSuchMethodError'{0x00000000878b8fe0}: static Lcom/intellij/database/remote/jdbc/ColumnInfo;.<clinit>()V> (0x00000000878b8fe0) 
thrown [s\src\hotspot\share\prims\jni.cpp, line 1139]
Event: 230.723 Thread 0x00000280d16b8220 Exception <a 'java/lang/NoSuchMethodError'{0x00000000878c2c50}: 'java.lang.Object java.lang.invoke.DelegatingMethodHandle$Holder.reinvoke_L(java.lang.Object, java.lang.Object, java.lang.Object, java.lang.Object, int, int)'> (0x00000000878c2c50) 
thrown [s\src\hotspot\share\interpreter\linkResolver.cpp, line 784]
Event: 336.254 Thread 0x00000280d16b8220 Exception <a 'java/io/IOException'{0x00000000872fab08}> (0x00000000872fab08) 
thrown [s\src\hotspot\share\prims\jni.cpp, line 535]

ZGC Phase Switch (0 events):
No events

VM Operations (20 events):
Event: 240.452 Executing VM operation: RendezvousGCThreads
Event: 240.452 Executing VM operation: RendezvousGCThreads done
Event: 248.458 Executing VM operation: Cleanup
Event: 248.458 Executing VM operation: Cleanup done
Event: 264.474 Executing VM operation: Cleanup
Event: 264.474 Executing VM operation: Cleanup done
Event: 302.538 Executing VM operation: Cleanup
Event: 302.538 Executing VM operation: Cleanup done
Event: 311.541 Executing VM operation: Cleanup
Event: 311.541 Executing VM operation: Cleanup done
Event: 335.565 Executing VM operation: Cleanup
Event: 335.565 Executing VM operation: Cleanup done
Event: 336.571 Executing VM operation: Cleanup
Event: 336.571 Executing VM operation: Cleanup done
Event: 345.574 Executing VM operation: Cleanup
Event: 345.574 Executing VM operation: Cleanup done
Event: 346.575 Executing VM operation: Cleanup
Event: 346.575 Executing VM operation: Cleanup done
Event: 347.577 Executing VM operation: Cleanup
Event: 347.578 Executing VM operation: Cleanup done

Memory protections (0 events):
No events

Nmethod flushes (0 events):
No events

Events (20 events):
Event: 244.376 Thread 0x00000280d180cfc0 Thread exited: 0x00000280d180cfc0
Event: 244.376 Thread 0x00000280d1a9bac0 Thread exited: 0x00000280d1a9bac0
Event: 244.377 Thread 0x00000280d180aef0 Thread exited: 0x00000280d180aef0
Event: 337.234 Thread 0x00000280d16b8220 Thread added: 0x00000280d180dce0
Event: 337.234 Thread 0x00000280d16b8220 Thread added: 0x00000280d180d650
Event: 337.234 Thread 0x00000280d16b8220 Thread added: 0x00000280d180e370
Event: 337.235 Thread 0x00000280d16b8220 Thread added: 0x00000280d180c2a0
Event: 337.235 Thread 0x00000280d16b8220 Thread added: 0x00000280d180bc10
Event: 337.235 Thread 0x00000280d16b8220 Thread added: 0x00000280d180aef0
Event: 337.235 Thread 0x00000280d16b8220 Thread added: 0x00000280d180cfc0
Event: 337.934 Thread 0x00000280d180dce0 Thread exited: 0x00000280d180dce0
Event: 337.935 Thread 0x00000280d180d650 Thread exited: 0x00000280d180d650
Event: 337.990 Thread 0x00000280d180e370 Thread exited: 0x00000280d180e370
Event: 337.991 Thread 0x00000280d180bc10 Thread exited: 0x00000280d180bc10
Event: 338.184 Thread 0x00000280d180c2a0 Thread exited: 0x00000280d180c2a0
Event: 338.184 Thread 0x00000280d180aef0 Thread exited: 0x00000280d180aef0
Event: 338.189 Thread 0x00000280d180cfc0 Thread exited: 0x00000280d180cfc0
Event: 338.944 Thread 0x00000280d16b8220 Thread added: 0x00000280d180aef0
Event: 338.951 Thread 0x00000280d180aef0 Thread exited: 0x00000280d180aef0
Event: 347.208 Thread 0x00000280d1663d80 Thread added: 0x00000280d180bc10


Dynamic libraries:
0x00007ff658a10000 - 0x00007ff658a1a000 	E:\IntelliJ IDEA 2025.1.2\jbr\bin\java.exe
0x00007ffeba430000 - 0x00007ffeba628000 	C:\Windows\SYSTEM32\ntdll.dll
0x00007ffeb8e00000 - 0x00007ffeb8ebd000 	C:\Windows\System32\KERNEL32.DLL
0x00007ffeb7ee0000 - 0x00007ffeb81ae000 	C:\Windows\System32\KERNELBASE.dll
0x00007ffeb82c0000 - 0x00007ffeb83c0000 	C:\Windows\System32\ucrtbase.dll
0x00007ffeb6380000 - 0x00007ffeb639b000 	E:\IntelliJ IDEA 2025.1.2\jbr\bin\VCRUNTIME140.dll
0x00007ffeb6330000 - 0x00007ffeb6348000 	E:\IntelliJ IDEA 2025.1.2\jbr\bin\jli.dll
0x00007ffeb9a10000 - 0x00007ffeb9bb0000 	C:\Windows\System32\USER32.dll
0x00007ffeb83f0000 - 0x00007ffeb8412000 	C:\Windows\System32\win32u.dll
0x00007ffeb8490000 - 0x00007ffeb84ba000 	C:\Windows\System32\GDI32.dll
0x00007ffeb81b0000 - 0x00007ffeb82bb000 	C:\Windows\System32\gdi32full.dll
0x00007ffeb7db0000 - 0x00007ffeb7e4d000 	C:\Windows\System32\msvcp_win.dll
0x00007ffea55a0000 - 0x00007ffea583a000 	C:\Windows\WinSxS\amd64_microsoft.windows.common-controls_6595b64144ccf1df_6.0.19041.1110_none_60b5254171f9507e\COMCTL32.dll
0x00007ffeb9890000 - 0x00007ffeb992e000 	C:\Windows\System32\msvcrt.dll
0x00007ffeb8830000 - 0x00007ffeb8860000 	C:\Windows\System32\IMM32.DLL
0x00007ffeb6370000 - 0x00007ffeb637c000 	E:\IntelliJ IDEA 2025.1.2\jbr\bin\vcruntime140_1.dll
0x00007ffe89560000 - 0x00007ffe895ed000 	E:\IntelliJ IDEA 2025.1.2\jbr\bin\msvcp140.dll
0x00007ffe77e90000 - 0x00007ffe78c51000 	E:\IntelliJ IDEA 2025.1.2\jbr\bin\server\jvm.dll
0x00007ffeb9730000 - 0x00007ffeb97de000 	C:\Windows\System32\ADVAPI32.dll
0x00007ffeb8590000 - 0x00007ffeb862c000 	C:\Windows\System32\sechost.dll
0x00007ffeb8630000 - 0x00007ffeb8755000 	C:\Windows\System32\RPCRT4.dll
0x00007ffeb8ed0000 - 0x00007ffeb8f3b000 	C:\Windows\System32\WS2_32.dll
0x00007ffeb62e0000 - 0x00007ffeb62ea000 	C:\Windows\SYSTEM32\VERSION.dll
0x00007ffea3810000 - 0x00007ffea3837000 	C:\Windows\SYSTEM32\WINMM.dll
0x00007ffeb79c0000 - 0x00007ffeb7a0b000 	C:\Windows\SYSTEM32\POWRPROF.dll
0x00007ffeb79a0000 - 0x00007ffeb79b2000 	C:\Windows\SYSTEM32\UMPDC.dll
0x00007ffeb63e0000 - 0x00007ffeb63f2000 	C:\Windows\SYSTEM32\kernel.appcore.dll
0x00007ffeb6360000 - 0x00007ffeb636a000 	E:\IntelliJ IDEA 2025.1.2\jbr\bin\jimage.dll
0x00007ffea3850000 - 0x00007ffea3a34000 	C:\Windows\SYSTEM32\DBGHELP.DLL
0x00007ffe9fd50000 - 0x00007ffe9fd7c000 	C:\Windows\SYSTEM32\dbgcore.DLL
0x00007ffeb7e50000 - 0x00007ffeb7ed2000 	C:\Windows\System32\bcryptPrimitives.dll
0x00007ffeb6310000 - 0x00007ffeb6330000 	E:\IntelliJ IDEA 2025.1.2\jbr\bin\java.dll
0x00007ffeb9ca0000 - 0x00007ffeba3e4000 	C:\Windows\System32\SHELL32.dll
0x00007ffeb5a90000 - 0x00007ffeb6224000 	C:\Windows\SYSTEM32\windows.storage.dll
0x00007ffeb8870000 - 0x00007ffeb8bc4000 	C:\Windows\System32\combase.dll
0x00007ffeb74e0000 - 0x00007ffeb7510000 	C:\Windows\SYSTEM32\Wldp.dll
0x00007ffeb9540000 - 0x00007ffeb95ed000 	C:\Windows\System32\SHCORE.dll
0x00007ffeb8760000 - 0x00007ffeb87b5000 	C:\Windows\System32\shlwapi.dll
0x00007ffeb7a90000 - 0x00007ffeb7aaf000 	C:\Windows\SYSTEM32\profapi.dll
0x00007ffeb5a70000 - 0x00007ffeb5a88000 	E:\IntelliJ IDEA 2025.1.2\jbr\bin\zip.dll
0x00007ffeb6300000 - 0x00007ffeb6310000 	E:\IntelliJ IDEA 2025.1.2\jbr\bin\net.dll
0x00007ffeae9f0000 - 0x00007ffeaeafa000 	C:\Windows\SYSTEM32\WINHTTP.dll
0x00007ffeb7240000 - 0x00007ffeb72aa000 	C:\Windows\system32\mswsock.dll
0x00007ffeb5900000 - 0x00007ffeb5916000 	E:\IntelliJ IDEA 2025.1.2\jbr\bin\nio.dll
0x00007ffeb6f30000 - 0x00007ffeb6f6b000 	C:\Windows\SYSTEM32\IPHLPAPI.DLL
0x00007ffeb87c0000 - 0x00007ffeb87c8000 	C:\Windows\System32\NSI.dll
0x00007ffeb7430000 - 0x00007ffeb7448000 	C:\Windows\SYSTEM32\CRYPTSP.dll
0x00007ffeb6bc0000 - 0x00007ffeb6bf4000 	C:\Windows\system32\rsaenh.dll
0x00007ffeb83c0000 - 0x00007ffeb83e7000 	C:\Windows\System32\bcrypt.dll
0x00007ffeb7a50000 - 0x00007ffeb7a7e000 	C:\Windows\SYSTEM32\USERENV.dll
0x00007ffeb7450000 - 0x00007ffeb745c000 	C:\Windows\SYSTEM32\CRYPTBASE.dll
0x00007ffeb0190000 - 0x00007ffeb0199000 	E:\IntelliJ IDEA 2025.1.2\jbr\bin\extnet.dll
0x00007ffeaf6b0000 - 0x00007ffeaf6b7000 	E:\IntelliJ IDEA 2025.1.2\jbr\bin\rmi.dll
0x00007ffeb6f70000 - 0x00007ffeb703a000 	C:\Windows\SYSTEM32\DNSAPI.dll
0x00000000502b0000 - 0x00000000502d6000 	C:\Program Files\Bonjour\mdnsNSP.dll
0x00007ffea5990000 - 0x00007ffea599a000 	C:\Windows\System32\rasadhlp.dll
0x00007ffea5b80000 - 0x00007ffea5c00000 	C:\Windows\System32\fwpuclnt.dll
0x00007ffeb01b0000 - 0x00007ffeb01be000 	E:\IntelliJ IDEA 2025.1.2\jbr\bin\sunmscapi.dll
0x00007ffeb7b50000 - 0x00007ffeb7ca6000 	C:\Windows\System32\CRYPT32.dll
0x00007ffeb7550000 - 0x00007ffeb7577000 	C:\Windows\SYSTEM32\ncrypt.dll
0x00007ffeb7510000 - 0x00007ffeb754b000 	C:\Windows\SYSTEM32\NTASN1.dll

dbghelp: loaded successfully - version: 4.0.5 - missing functions: none
symbol engine: initialized successfully - sym options: 0x614 - pdb path: .;E:\IntelliJ IDEA 2025.1.2\jbr\bin;C:\Windows\SYSTEM32;C:\Windows\WinSxS\amd64_microsoft.windows.common-controls_6595b64144ccf1df_6.0.19041.1110_none_60b5254171f9507e;E:\IntelliJ IDEA 2025.1.2\jbr\bin\server;C:\Program Files\Bonjour

VM Arguments:
jvm_args: -Djava.rmi.server.hostname=127.0.0.1 -Duser.timezone=UTC -Xmx2048m -Xms128m -Djdbc.classpath=C:\Users\LENOVO\AppData\Local\Temp\RemoteDriver10.classpath.txt --add-exports=java.desktop/sun.awt=ALL-UNNAMED --add-exports=java.desktop/java.awt.peer=ALL-UNNAMED --add-opens=java.desktop/java.awt=ALL-UNNAMED --add-opens=jdk.unsupported/sun.misc=ALL-UNNAMED --add-opens=java.base/java.nio=ALL-UNNAMED --add-opens=java.base/java.util=ALL-UNNAMED -Dfile.encoding=UTF-8 -Dsun.stdout.encoding=UTF-8 -Dsun.stderr.encoding=UTF-8 
java_command: com.intellij.database.remote.RemoteJdbcServer com.mysql.cj.jdbc.Driver
java_class_path (initial): E:\IntelliJ IDEA 2025.1.2\lib\util_rt.jar;E:\IntelliJ IDEA 2025.1.2\lib\util-8.jar;E:\IntelliJ IDEA 2025.1.2\lib\groovy.jar;E:\IntelliJ IDEA 2025.1.2\plugins\DatabaseTools\lib\jdbc-console.jar;E:\IntelliJ IDEA 2025.1.2\lib\modules\intellij.grid.types.jar;E:\IntelliJ IDEA 2025.1.2\lib\util.jar;E:\IntelliJ IDEA 2025.1.2\lib\bouncy-castle.jar
Launcher Type: SUN_STANDARD

[Global flags]
     intx CICompilerCount                          = 3                                         {product} {ergonomic}
     uint ConcGCThreads                            = 1                                         {product} {ergonomic}
     uint G1ConcRefinementThreads                  = 4                                         {product} {ergonomic}
   size_t G1HeapRegionSize                         = 1048576                                   {product} {ergonomic}
    uintx GCDrainStackTargetSize                   = 64                                        {product} {ergonomic}
   size_t InitialHeapSize                          = 134217728                                 {product} {command line}
   size_t MarkStackSize                            = 4194304                                   {product} {ergonomic}
   size_t MaxHeapSize                              = 2147483648                                {product} {command line}
   size_t MaxNewSize                               = 1287651328                                {product} {ergonomic}
   size_t MinHeapDeltaBytes                        = 1048576                                   {product} {ergonomic}
   size_t MinHeapSize                              = 134217728                                 {product} {command line}
    uintx NonNMethodCodeHeapSize                   = 5832780                                {pd product} {ergonomic}
    uintx NonProfiledCodeHeapSize                  = 122912730                              {pd product} {ergonomic}
    uintx ProfiledCodeHeapSize                     = 122912730                              {pd product} {ergonomic}
    uintx ReservedCodeCacheSize                    = 251658240                              {pd product} {ergonomic}
     bool SegmentedCodeCache                       = true                                      {product} {ergonomic}
   size_t SoftMaxHeapSize                          = 2147483648                             {manageable} {ergonomic}
     bool UseCompressedOops                        = true                           {product lp64_product} {ergonomic}
     bool UseG1GC                                  = true                                      {product} {ergonomic}
     bool UseLargePagesIndividualAllocation        = false                                  {pd product} {ergonomic}

Logging:
Log output configuration:
 #0: stdout all=warning uptime,level,tags foldmultilines=false
 #1: stderr all=off uptime,level,tags foldmultilines=false

Environment Variables:
JAVA_HOME=E:\
PATH=C:\Program Files\Common Files\Oracle\Java\javapath;C:\Windows\system32;C:\Windows;C:\Windows\System32\Wbem;C:\Windows\System32\WindowsPowerShell\v1.0\;C:\Windows\System32\OpenSSH\;C:\Program Files\Git\cmd;C:\Program Files\MySQL\MySQL Shell 8.0\bin\;C:\Users\LENOVO\AppData\Local\Microsoft\WindowsApps;C:\Users\LENOVO\AppData\Local\Programs\Microsoft VS Code\bin;E:\IntelliJ IDEA 2025.1.2\bin;
USERNAME=LENOVO
OS=Windows_NT
PROCESSOR_IDENTIFIER=Intel64 Family 6 Model 142 Stepping 10, GenuineIntel
TMP=C:\Users\LENOVO\AppData\Local\Temp
TEMP=C:\Users\LENOVO\AppData\Local\Temp




Periodic native trim disabled

JNI global refs:
JNI global refs: 16, weak refs: 0

JNI global refs memory usage: 835, weak refs: 833

Process memory usage:
Resident Set Size: 78388K (1% of 4101348K total physical memory with 388792K free physical memory)

OOME stack traces (most recent first):
Classloader memory used:
Loader bootstrap                                                                       : 11468K
Loader jdk.internal.loader.ClassLoaders$AppClassLoader                                 : 3520K
Loader com.intellij.database.remote.jdbc.impl.JdbcClassLoader$JdbcClassLoaderImpl      : 2849K
Loader jdk.internal.loader.ClassLoaders$PlatformClassLoader                            : 777K
Loader jdk.internal.reflect.DelegatingClassLoader                                      : 159K
Loader com.intellij.database.remote.jdbc.impl.JdbcClassLoader$1                        : 7728B

---------------  S Y S T E M  ---------------

OS:
 Windows 10 , 64 bit Build 19041 (10.0.19041.1889)
OS uptime: 0 days 11:15 hours

CPU: total 4 (initial active 4) (2 cores per cpu, 2 threads per core) family 6 model 142 stepping 10 microcode 0xb4, cx8, cmov, fxsr, ht, mmx, 3dnowpref, sse, sse2, sse3, ssse3, sse4.1, sse4.2, popcnt, lzcnt, tsc, tscinvbit, avx, avx2, aes, erms, clmul, bmi1, bmi2, adx, fma, vzeroupper, clflush, clflushopt, rdtscp, f16c
Processor Information for the first 4 processors :
  Max Mhz: 2304, Current Mhz: 2304, Mhz Limit: 2304

Memory: 4k page, system-wide physical 4005M (380M free)
TotalPageFile size 13122M (AvailPageFile size 2M)
current process WorkingSet (physical memory assigned to process): 80M, peak: 127M
current process commit charge ("private bytes"): 247M, peak: 256M

vm_info: OpenJDK 64-Bit Server VM (21.0.7+9-b895.130) for windows-amd64 JRE (21.0.7+9-b895.130), built on 2025-05-13 by "builduser" with MS VC++ 16.10 / 16.11 (VS2019)

END.
